2022-03-21T07:33:18+00:00 CRITICAL Uncaught Error: Call to undefined function flatsome_html_classes() in C:\xampp\htdocs\giadung\wp-content\themes\flatsome\header.php:2
Stack trace:
#0 C:\xampp\htdocs\giadung\wp-includes\template.php(770): require_once()
#1 C:\xampp\htdocs\giadung\wp-includes\template.php(716): load_template('C:\\xampp\\htdocs...', true, Array)
#2 C:\xampp\htdocs\giadung\wp-includes\general-template.php(48): locate_template(Array, true, true, Array)
#3 C:\xampp\htdocs\giadung\wp-content\themes\flatsome-child\template\kho.php(5): get_header()
#4 C:\xampp\htdocs\giadung\wp-includes\template-loader.php(106): include('C:\\xampp\\htdocs...')
#5 C:\xampp\htdocs\giadung\wp-blog-header.php(19): require_once('C:\\xampp\\htdocs...')
#6 C:\xampp\htdocs\giadung\index.php(17): require('C:\\xampp\\htdocs...')
#7 {main}
  thrown in C:\xampp\htdocs\giadung\wp-content\themes\flatsome\header.php on line 2

2022-03-21T07:33:42+00:00 CRITICAL Uncaught Error: Call to undefined function flatsome_html_classes() in C:\xampp\htdocs\giadung\wp-content\themes\flatsome\header.php:2
Stack trace:
#0 C:\xampp\htdocs\giadung\wp-includes\template.php(770): require_once()
#1 C:\xampp\htdocs\giadung\wp-includes\template.php(716): load_template('C:\\xampp\\htdocs...', true, Array)
#2 C:\xampp\htdocs\giadung\wp-includes\general-template.php(48): locate_template(Array, true, true, Array)
#3 C:\xampp\htdocs\giadung\wp-content\themes\flatsome-child\template\kho.php(5): get_header()
#4 C:\xampp\htdocs\giadung\wp-includes\template-loader.php(106): include('C:\\xampp\\htdocs...')
#5 C:\xampp\htdocs\giadung\wp-blog-header.php(19): require_once('C:\\xampp\\htdocs...')
#6 C:\xampp\htdocs\giadung\index.php(17): require('C:\\xampp\\htdocs...')
#7 {main}
  thrown in C:\xampp\htdocs\giadung\wp-content\themes\flatsome\header.php on line 2

2022-03-21T07:33:48+00:00 CRITICAL Uncaught Error: Call to undefined function flatsome_html_classes() in C:\xampp\htdocs\giadung\wp-content\themes\flatsome\header.php:2
Stack trace:
#0 C:\xampp\htdocs\giadung\wp-includes\template.php(770): require_once()
#1 C:\xampp\htdocs\giadung\wp-includes\template.php(716): load_template('C:\\xampp\\htdocs...', true, Array)
#2 C:\xampp\htdocs\giadung\wp-includes\general-template.php(48): locate_template(Array, true, true, Array)
#3 C:\xampp\htdocs\giadung\wp-content\themes\flatsome-child\template\kho.php(5): get_header()
#4 C:\xampp\htdocs\giadung\wp-includes\template-loader.php(106): include('C:\\xampp\\htdocs...')
#5 C:\xampp\htdocs\giadung\wp-blog-header.php(19): require_once('C:\\xampp\\htdocs...')
#6 C:\xampp\htdocs\giadung\index.php(17): require('C:\\xampp\\htdocs...')
#7 {main}
  thrown in C:\xampp\htdocs\giadung\wp-content\themes\flatsome\header.php on line 2

2022-03-21T07:33:58+00:00 CRITICAL Uncaught Error: Call to undefined function flatsome_html_classes() in C:\xampp\htdocs\giadung\wp-content\themes\flatsome\header.php:2
Stack trace:
#0 C:\xampp\htdocs\giadung\wp-includes\template.php(770): require_once()
#1 C:\xampp\htdocs\giadung\wp-includes\template.php(716): load_template('C:\\xampp\\htdocs...', true, Array)
#2 C:\xampp\htdocs\giadung\wp-includes\general-template.php(48): locate_template(Array, true, true, Array)
#3 C:\xampp\htdocs\giadung\wp-content\themes\flatsome\404.php(10): get_header()
#4 C:\xampp\htdocs\giadung\wp-includes\template-loader.php(106): include('C:\\xampp\\htdocs...')
#5 C:\xampp\htdocs\giadung\wp-blog-header.php(19): require_once('C:\\xampp\\htdocs...')
#6 C:\xampp\htdocs\giadung\index.php(17): require('C:\\xampp\\htdocs...')
#7 {main}
  thrown in C:\xampp\htdocs\giadung\wp-content\themes\flatsome\header.php on line 2

2022-03-21T07:33:58+00:00 CRITICAL Uncaught Error: Call to undefined function flatsome_html_classes() in C:\xampp\htdocs\giadung\wp-content\themes\flatsome\header.php:2
Stack trace:
#0 C:\xampp\htdocs\giadung\wp-includes\template.php(770): require_once()
#1 C:\xampp\htdocs\giadung\wp-includes\template.php(716): load_template('C:\\xampp\\htdocs...', true, Array)
#2 C:\xampp\htdocs\giadung\wp-includes\general-template.php(48): locate_template(Array, true, true, Array)
#3 C:\xampp\htdocs\giadung\wp-content\themes\flatsome\404.php(10): get_header()
#4 C:\xampp\htdocs\giadung\wp-includes\template-loader.php(106): include('C:\\xampp\\htdocs...')
#5 C:\xampp\htdocs\giadung\wp-blog-header.php(19): require_once('C:\\xampp\\htdocs...')
#6 C:\xampp\htdocs\giadung\index.php(17): require('C:\\xampp\\htdocs...')
#7 {main}
  thrown in C:\xampp\htdocs\giadung\wp-content\themes\flatsome\header.php on line 2

2022-03-21T07:33:58+00:00 CRITICAL Uncaught Error: Call to undefined function flatsome_html_classes() in C:\xampp\htdocs\giadung\wp-content\themes\flatsome\header.php:2
Stack trace:
#0 C:\xampp\htdocs\giadung\wp-includes\template.php(770): require_once()
#1 C:\xampp\htdocs\giadung\wp-includes\template.php(716): load_template('C:\\xampp\\htdocs...', true, Array)
#2 C:\xampp\htdocs\giadung\wp-includes\general-template.php(48): locate_template(Array, true, true, Array)
#3 C:\xampp\htdocs\giadung\wp-content\themes\flatsome\404.php(10): get_header()
#4 C:\xampp\htdocs\giadung\wp-includes\template-loader.php(106): include('C:\\xampp\\htdocs...')
#5 C:\xampp\htdocs\giadung\wp-blog-header.php(19): require_once('C:\\xampp\\htdocs...')
#6 C:\xampp\htdocs\giadung\index.php(17): require('C:\\xampp\\htdocs...')
#7 {main}
  thrown in C:\xampp\htdocs\giadung\wp-content\themes\flatsome\header.php on line 2

2022-03-21T07:34:14+00:00 CRITICAL Uncaught Error: Call to undefined function flatsome_html_classes() in C:\xampp\htdocs\giadung\wp-content\themes\flatsome\header.php:2
Stack trace:
#0 C:\xampp\htdocs\giadung\wp-includes\template.php(770): require_once()
#1 C:\xampp\htdocs\giadung\wp-includes\template.php(716): load_template('C:\\xampp\\htdocs...', true, Array)
#2 C:\xampp\htdocs\giadung\wp-includes\general-template.php(48): locate_template(Array, true, true, Array)
#3 C:\xampp\htdocs\giadung\wp-content\themes\flatsome\404.php(10): get_header()
#4 C:\xampp\htdocs\giadung\wp-includes\template-loader.php(106): include('C:\\xampp\\htdocs...')
#5 C:\xampp\htdocs\giadung\wp-blog-header.php(19): require_once('C:\\xampp\\htdocs...')
#6 C:\xampp\htdocs\giadung\index.php(17): require('C:\\xampp\\htdocs...')
#7 {main}
  thrown in C:\xampp\htdocs\giadung\wp-content\themes\flatsome\header.php on line 2

2022-03-21T07:34:14+00:00 CRITICAL Uncaught Error: Call to undefined function flatsome_html_classes() in C:\xampp\htdocs\giadung\wp-content\themes\flatsome\header.php:2
Stack trace:
#0 C:\xampp\htdocs\giadung\wp-includes\template.php(770): require_once()
#1 C:\xampp\htdocs\giadung\wp-includes\template.php(716): load_template('C:\\xampp\\htdocs...', true, Array)
#2 C:\xampp\htdocs\giadung\wp-includes\general-template.php(48): locate_template(Array, true, true, Array)
#3 C:\xampp\htdocs\giadung\wp-content\themes\flatsome\404.php(10): get_header()
#4 C:\xampp\htdocs\giadung\wp-includes\template-loader.php(106): include('C:\\xampp\\htdocs...')
#5 C:\xampp\htdocs\giadung\wp-blog-header.php(19): require_once('C:\\xampp\\htdocs...')
#6 C:\xampp\htdocs\giadung\index.php(17): require('C:\\xampp\\htdocs...')
#7 {main}
  thrown in C:\xampp\htdocs\giadung\wp-content\themes\flatsome\header.php on line 2

2022-03-21T07:34:14+00:00 CRITICAL Uncaught Error: Call to undefined function flatsome_html_classes() in C:\xampp\htdocs\giadung\wp-content\themes\flatsome\header.php:2
Stack trace:
#0 C:\xampp\htdocs\giadung\wp-includes\template.php(770): require_once()
#1 C:\xampp\htdocs\giadung\wp-includes\template.php(716): load_template('C:\\xampp\\htdocs...', true, Array)
#2 C:\xampp\htdocs\giadung\wp-includes\general-template.php(48): locate_template(Array, true, true, Array)
#3 C:\xampp\htdocs\giadung\wp-content\themes\flatsome\404.php(10): get_header()
#4 C:\xampp\htdocs\giadung\wp-includes\template-loader.php(106): include('C:\\xampp\\htdocs...')
#5 C:\xampp\htdocs\giadung\wp-blog-header.php(19): require_once('C:\\xampp\\htdocs...')
#6 C:\xampp\htdocs\giadung\index.php(17): require('C:\\xampp\\htdocs...')
#7 {main}
  thrown in C:\xampp\htdocs\giadung\wp-content\themes\flatsome\header.php on line 2

2022-03-21T07:34:40+00:00 CRITICAL syntax error, unexpected token "}", expecting "," or ";" in C:\xampp\htdocs\giadung\wp-content\plugins\Crawl_post\crawl_post.php on line 9

2022-03-21T07:34:42+00:00 CRITICAL syntax error, unexpected token "}", expecting "," or ";" in C:\xampp\htdocs\giadung\wp-content\plugins\Crawl_post\crawl_post.php on line 9

2022-03-21T07:34:42+00:00 CRITICAL syntax error, unexpected token "}", expecting "," or ";" in C:\xampp\htdocs\giadung\wp-content\plugins\Crawl_post\crawl_post.php on line 9

2022-03-21T07:35:12+00:00 CRITICAL Uncaught Error: Call to undefined function flatsome_html_classes() in C:\xampp\htdocs\giadung\wp-content\themes\flatsome\header.php:2
Stack trace:
#0 C:\xampp\htdocs\giadung\wp-includes\template.php(770): require_once()
#1 C:\xampp\htdocs\giadung\wp-includes\template.php(716): load_template('C:\\xampp\\htdocs...', true, Array)
#2 C:\xampp\htdocs\giadung\wp-includes\general-template.php(48): locate_template(Array, true, true, Array)
#3 C:\xampp\htdocs\giadung\wp-content\themes\flatsome-child\template\kho.php(5): get_header()
#4 C:\xampp\htdocs\giadung\wp-includes\template-loader.php(106): include('C:\\xampp\\htdocs...')
#5 C:\xampp\htdocs\giadung\wp-blog-header.php(19): require_once('C:\\xampp\\htdocs...')
#6 C:\xampp\htdocs\giadung\index.php(17): require('C:\\xampp\\htdocs...')
#7 {main}
  thrown in C:\xampp\htdocs\giadung\wp-content\themes\flatsome\header.php on line 2

2022-03-21T07:35:15+00:00 CRITICAL Uncaught Error: Call to undefined function flatsome_html_classes() in C:\xampp\htdocs\giadung\wp-content\themes\flatsome\header.php:2
Stack trace:
#0 C:\xampp\htdocs\giadung\wp-includes\template.php(770): require_once()
#1 C:\xampp\htdocs\giadung\wp-includes\template.php(716): load_template('C:\\xampp\\htdocs...', true, Array)
#2 C:\xampp\htdocs\giadung\wp-includes\general-template.php(48): locate_template(Array, true, true, Array)
#3 C:\xampp\htdocs\giadung\wp-content\themes\flatsome-child\template\kho.php(5): get_header()
#4 C:\xampp\htdocs\giadung\wp-includes\template-loader.php(106): include('C:\\xampp\\htdocs...')
#5 C:\xampp\htdocs\giadung\wp-blog-header.php(19): require_once('C:\\xampp\\htdocs...')
#6 C:\xampp\htdocs\giadung\index.php(17): require('C:\\xampp\\htdocs...')
#7 {main}
  thrown in C:\xampp\htdocs\giadung\wp-content\themes\flatsome\header.php on line 2

2022-03-21T07:35:53+00:00 CRITICAL Uncaught Error: Call to undefined function flatsome_html_classes() in C:\xampp\htdocs\giadung\wp-content\themes\flatsome\header.php:2
Stack trace:
#0 C:\xampp\htdocs\giadung\wp-includes\template.php(770): require_once()
#1 C:\xampp\htdocs\giadung\wp-includes\template.php(716): load_template('C:\\xampp\\htdocs...', true, Array)
#2 C:\xampp\htdocs\giadung\wp-includes\general-template.php(48): locate_template(Array, true, true, Array)
#3 C:\xampp\htdocs\giadung\wp-content\themes\flatsome\404.php(10): get_header()
#4 C:\xampp\htdocs\giadung\wp-includes\template-loader.php(106): include('C:\\xampp\\htdocs...')
#5 C:\xampp\htdocs\giadung\wp-blog-header.php(19): require_once('C:\\xampp\\htdocs...')
#6 C:\xampp\htdocs\giadung\index.php(17): require('C:\\xampp\\htdocs...')
#7 {main}
  thrown in C:\xampp\htdocs\giadung\wp-content\themes\flatsome\header.php on line 2

2022-03-21T07:35:53+00:00 CRITICAL Uncaught Error: Call to undefined function flatsome_html_classes() in C:\xampp\htdocs\giadung\wp-content\themes\flatsome\header.php:2
Stack trace:
#0 C:\xampp\htdocs\giadung\wp-includes\template.php(770): require_once()
#1 C:\xampp\htdocs\giadung\wp-includes\template.php(716): load_template('C:\\xampp\\htdocs...', true, Array)
#2 C:\xampp\htdocs\giadung\wp-includes\general-template.php(48): locate_template(Array, true, true, Array)
#3 C:\xampp\htdocs\giadung\wp-content\themes\flatsome\404.php(10): get_header()
#4 C:\xampp\htdocs\giadung\wp-includes\template-loader.php(106): include('C:\\xampp\\htdocs...')
#5 C:\xampp\htdocs\giadung\wp-blog-header.php(19): require_once('C:\\xampp\\htdocs...')
#6 C:\xampp\htdocs\giadung\index.php(17): require('C:\\xampp\\htdocs...')
#7 {main}
  thrown in C:\xampp\htdocs\giadung\wp-content\themes\flatsome\header.php on line 2

2022-03-21T07:35:54+00:00 CRITICAL Uncaught Error: Call to undefined function flatsome_html_classes() in C:\xampp\htdocs\giadung\wp-content\themes\flatsome\header.php:2
Stack trace:
#0 C:\xampp\htdocs\giadung\wp-includes\template.php(770): require_once()
#1 C:\xampp\htdocs\giadung\wp-includes\template.php(716): load_template('C:\\xampp\\htdocs...', true, Array)
#2 C:\xampp\htdocs\giadung\wp-includes\general-template.php(48): locate_template(Array, true, true, Array)
#3 C:\xampp\htdocs\giadung\wp-content\themes\flatsome\404.php(10): get_header()
#4 C:\xampp\htdocs\giadung\wp-includes\template-loader.php(106): include('C:\\xampp\\htdocs...')
#5 C:\xampp\htdocs\giadung\wp-blog-header.php(19): require_once('C:\\xampp\\htdocs...')
#6 C:\xampp\htdocs\giadung\index.php(17): require('C:\\xampp\\htdocs...')
#7 {main}
  thrown in C:\xampp\htdocs\giadung\wp-content\themes\flatsome\header.php on line 2

2022-03-21T07:36:10+00:00 CRITICAL Uncaught Error: Call to undefined function flatsome_html_classes() in C:\xampp\htdocs\giadung\wp-content\themes\flatsome\header.php:2
Stack trace:
#0 C:\xampp\htdocs\giadung\wp-includes\template.php(770): require_once()
#1 C:\xampp\htdocs\giadung\wp-includes\template.php(716): load_template('C:\\xampp\\htdocs...', true, Array)
#2 C:\xampp\htdocs\giadung\wp-includes\general-template.php(48): locate_template(Array, true, true, Array)
#3 C:\xampp\htdocs\giadung\wp-content\themes\flatsome\404.php(10): get_header()
#4 C:\xampp\htdocs\giadung\wp-includes\template-loader.php(106): include('C:\\xampp\\htdocs...')
#5 C:\xampp\htdocs\giadung\wp-blog-header.php(19): require_once('C:\\xampp\\htdocs...')
#6 C:\xampp\htdocs\giadung\index.php(17): require('C:\\xampp\\htdocs...')
#7 {main}
  thrown in C:\xampp\htdocs\giadung\wp-content\themes\flatsome\header.php on line 2

2022-03-21T07:36:10+00:00 CRITICAL Uncaught Error: Call to undefined function flatsome_html_classes() in C:\xampp\htdocs\giadung\wp-content\themes\flatsome\header.php:2
Stack trace:
#0 C:\xampp\htdocs\giadung\wp-includes\template.php(770): require_once()
#1 C:\xampp\htdocs\giadung\wp-includes\template.php(716): load_template('C:\\xampp\\htdocs...', true, Array)
#2 C:\xampp\htdocs\giadung\wp-includes\general-template.php(48): locate_template(Array, true, true, Array)
#3 C:\xampp\htdocs\giadung\wp-content\themes\flatsome\404.php(10): get_header()
#4 C:\xampp\htdocs\giadung\wp-includes\template-loader.php(106): include('C:\\xampp\\htdocs...')
#5 C:\xampp\htdocs\giadung\wp-blog-header.php(19): require_once('C:\\xampp\\htdocs...')
#6 C:\xampp\htdocs\giadung\index.php(17): require('C:\\xampp\\htdocs...')
#7 {main}
  thrown in C:\xampp\htdocs\giadung\wp-content\themes\flatsome\header.php on line 2

2022-03-21T07:36:10+00:00 CRITICAL Uncaught Error: Call to undefined function flatsome_html_classes() in C:\xampp\htdocs\giadung\wp-content\themes\flatsome\header.php:2
Stack trace:
#0 C:\xampp\htdocs\giadung\wp-includes\template.php(770): require_once()
#1 C:\xampp\htdocs\giadung\wp-includes\template.php(716): load_template('C:\\xampp\\htdocs...', true, Array)
#2 C:\xampp\htdocs\giadung\wp-includes\general-template.php(48): locate_template(Array, true, true, Array)
#3 C:\xampp\htdocs\giadung\wp-content\themes\flatsome\404.php(10): get_header()
#4 C:\xampp\htdocs\giadung\wp-includes\template-loader.php(106): include('C:\\xampp\\htdocs...')
#5 C:\xampp\htdocs\giadung\wp-blog-header.php(19): require_once('C:\\xampp\\htdocs...')
#6 C:\xampp\htdocs\giadung\index.php(17): require('C:\\xampp\\htdocs...')
#7 {main}
  thrown in C:\xampp\htdocs\giadung\wp-content\themes\flatsome\header.php on line 2

2022-03-21T07:36:18+00:00 CRITICAL Uncaught Error: Call to undefined function flatsome_html_classes() in C:\xampp\htdocs\giadung\wp-content\themes\flatsome\header.php:2
Stack trace:
#0 C:\xampp\htdocs\giadung\wp-includes\template.php(770): require_once()
#1 C:\xampp\htdocs\giadung\wp-includes\template.php(716): load_template('C:\\xampp\\htdocs...', true, Array)
#2 C:\xampp\htdocs\giadung\wp-includes\general-template.php(48): locate_template(Array, true, true, Array)
#3 C:\xampp\htdocs\giadung\wp-content\themes\flatsome-child\template\kho.php(5): get_header()
#4 C:\xampp\htdocs\giadung\wp-includes\template-loader.php(106): include('C:\\xampp\\htdocs...')
#5 C:\xampp\htdocs\giadung\wp-blog-header.php(19): require_once('C:\\xampp\\htdocs...')
#6 C:\xampp\htdocs\giadung\index.php(17): require('C:\\xampp\\htdocs...')
#7 {main}
  thrown in C:\xampp\htdocs\giadung\wp-content\themes\flatsome\header.php on line 2

2022-03-21T07:36:51+00:00 CRITICAL Uncaught Error: Call to undefined function flatsome_html_classes() in C:\xampp\htdocs\giadung\wp-content\themes\flatsome\header.php:2
Stack trace:
#0 C:\xampp\htdocs\giadung\wp-includes\template.php(770): require_once()
#1 C:\xampp\htdocs\giadung\wp-includes\template.php(716): load_template('C:\\xampp\\htdocs...', true, Array)
#2 C:\xampp\htdocs\giadung\wp-includes\general-template.php(48): locate_template(Array, true, true, Array)
#3 C:\xampp\htdocs\giadung\wp-content\themes\flatsome-child\template\kho.php(5): get_header()
#4 C:\xampp\htdocs\giadung\wp-includes\template-loader.php(106): include('C:\\xampp\\htdocs...')
#5 C:\xampp\htdocs\giadung\wp-blog-header.php(19): require_once('C:\\xampp\\htdocs...')
#6 C:\xampp\htdocs\giadung\index.php(17): require('C:\\xampp\\htdocs...')
#7 {main}
  thrown in C:\xampp\htdocs\giadung\wp-content\themes\flatsome\header.php on line 2

2022-03-21T07:37:02+00:00 CRITICAL Uncaught Error: Call to undefined function flatsome_html_classes() in C:\xampp\htdocs\giadung\wp-content\themes\flatsome\header.php:2
Stack trace:
#0 C:\xampp\htdocs\giadung\wp-includes\template.php(770): require_once()
#1 C:\xampp\htdocs\giadung\wp-includes\template.php(716): load_template('C:\\xampp\\htdocs...', true, Array)
#2 C:\xampp\htdocs\giadung\wp-includes\general-template.php(48): locate_template(Array, true, true, Array)
#3 C:\xampp\htdocs\giadung\wp-content\themes\flatsome-child\template\kho.php(5): get_header()
#4 C:\xampp\htdocs\giadung\wp-includes\template-loader.php(106): include('C:\\xampp\\htdocs...')
#5 C:\xampp\htdocs\giadung\wp-blog-header.php(19): require_once('C:\\xampp\\htdocs...')
#6 C:\xampp\htdocs\giadung\index.php(17): require('C:\\xampp\\htdocs...')
#7 {main}
  thrown in C:\xampp\htdocs\giadung\wp-content\themes\flatsome\header.php on line 2

2022-03-21T07:37:04+00:00 CRITICAL Uncaught Error: Call to undefined function flatsome_html_classes() in C:\xampp\htdocs\giadung\wp-content\themes\flatsome\header.php:2
Stack trace:
#0 C:\xampp\htdocs\giadung\wp-includes\template.php(770): require_once()
#1 C:\xampp\htdocs\giadung\wp-includes\template.php(716): load_template('C:\\xampp\\htdocs...', true, Array)
#2 C:\xampp\htdocs\giadung\wp-includes\general-template.php(48): locate_template(Array, true, true, Array)
#3 C:\xampp\htdocs\giadung\wp-content\themes\flatsome-child\template\kho.php(5): get_header()
#4 C:\xampp\htdocs\giadung\wp-includes\template-loader.php(106): include('C:\\xampp\\htdocs...')
#5 C:\xampp\htdocs\giadung\wp-blog-header.php(19): require_once('C:\\xampp\\htdocs...')
#6 C:\xampp\htdocs\giadung\index.php(17): require('C:\\xampp\\htdocs...')
#7 {main}
  thrown in C:\xampp\htdocs\giadung\wp-content\themes\flatsome\header.php on line 2

2022-03-21T07:37:46+00:00 CRITICAL Uncaught Error: Call to undefined function flatsome_html_classes() in C:\xampp\htdocs\giadung\wp-content\themes\flatsome\header.php:2
Stack trace:
#0 C:\xampp\htdocs\giadung\wp-includes\template.php(770): require_once()
#1 C:\xampp\htdocs\giadung\wp-includes\template.php(716): load_template('C:\\xampp\\htdocs...', true, Array)
#2 C:\xampp\htdocs\giadung\wp-includes\general-template.php(48): locate_template(Array, true, true, Array)
#3 C:\xampp\htdocs\giadung\wp-content\themes\flatsome-child\template\kho.php(5): get_header()
#4 C:\xampp\htdocs\giadung\wp-includes\template-loader.php(106): include('C:\\xampp\\htdocs...')
#5 C:\xampp\htdocs\giadung\wp-blog-header.php(19): require_once('C:\\xampp\\htdocs...')
#6 C:\xampp\htdocs\giadung\index.php(17): require('C:\\xampp\\htdocs...')
#7 {main}
  thrown in C:\xampp\htdocs\giadung\wp-content\themes\flatsome\header.php on line 2

2022-03-21T07:37:54+00:00 CRITICAL Uncaught Error: Call to undefined function flatsome_html_classes() in C:\xampp\htdocs\giadung\wp-content\themes\flatsome\header.php:2
Stack trace:
#0 C:\xampp\htdocs\giadung\wp-includes\template.php(770): require_once()
#1 C:\xampp\htdocs\giadung\wp-includes\template.php(716): load_template('C:\\xampp\\htdocs...', true, Array)
#2 C:\xampp\htdocs\giadung\wp-includes\general-template.php(48): locate_template(Array, true, true, Array)
#3 C:\xampp\htdocs\giadung\wp-content\themes\flatsome-child\template\kho.php(5): get_header()
#4 C:\xampp\htdocs\giadung\wp-includes\template-loader.php(106): include('C:\\xampp\\htdocs...')
#5 C:\xampp\htdocs\giadung\wp-blog-header.php(19): require_once('C:\\xampp\\htdocs...')
#6 C:\xampp\htdocs\giadung\index.php(17): require('C:\\xampp\\htdocs...')
#7 {main}
  thrown in C:\xampp\htdocs\giadung\wp-content\themes\flatsome\header.php on line 2

2022-03-21T07:38:23+00:00 CRITICAL Uncaught Error: Call to undefined function flatsome_html_classes() in C:\xampp\htdocs\giadung\wp-content\themes\flatsome\header.php:2
Stack trace:
#0 C:\xampp\htdocs\giadung\wp-includes\template.php(770): require_once()
#1 C:\xampp\htdocs\giadung\wp-includes\template.php(716): load_template('C:\\xampp\\htdocs...', true, Array)
#2 C:\xampp\htdocs\giadung\wp-includes\general-template.php(48): locate_template(Array, true, true, Array)
#3 C:\xampp\htdocs\giadung\wp-content\themes\flatsome\404.php(10): get_header()
#4 C:\xampp\htdocs\giadung\wp-includes\template-loader.php(106): include('C:\\xampp\\htdocs...')
#5 C:\xampp\htdocs\giadung\wp-blog-header.php(19): require_once('C:\\xampp\\htdocs...')
#6 C:\xampp\htdocs\giadung\index.php(17): require('C:\\xampp\\htdocs...')
#7 {main}
  thrown in C:\xampp\htdocs\giadung\wp-content\themes\flatsome\header.php on line 2

2022-03-21T07:38:23+00:00 CRITICAL Uncaught Error: Call to undefined function flatsome_html_classes() in C:\xampp\htdocs\giadung\wp-content\themes\flatsome\header.php:2
Stack trace:
#0 C:\xampp\htdocs\giadung\wp-includes\template.php(770): require_once()
#1 C:\xampp\htdocs\giadung\wp-includes\template.php(716): load_template('C:\\xampp\\htdocs...', true, Array)
#2 C:\xampp\htdocs\giadung\wp-includes\general-template.php(48): locate_template(Array, true, true, Array)
#3 C:\xampp\htdocs\giadung\wp-content\themes\flatsome\404.php(10): get_header()
#4 C:\xampp\htdocs\giadung\wp-includes\template-loader.php(106): include('C:\\xampp\\htdocs...')
#5 C:\xampp\htdocs\giadung\wp-blog-header.php(19): require_once('C:\\xampp\\htdocs...')
#6 C:\xampp\htdocs\giadung\index.php(17): require('C:\\xampp\\htdocs...')
#7 {main}
  thrown in C:\xampp\htdocs\giadung\wp-content\themes\flatsome\header.php on line 2

2022-03-21T07:38:23+00:00 CRITICAL Uncaught Error: Call to undefined function flatsome_html_classes() in C:\xampp\htdocs\giadung\wp-content\themes\flatsome\header.php:2
Stack trace:
#0 C:\xampp\htdocs\giadung\wp-includes\template.php(770): require_once()
#1 C:\xampp\htdocs\giadung\wp-includes\template.php(716): load_template('C:\\xampp\\htdocs...', true, Array)
#2 C:\xampp\htdocs\giadung\wp-includes\general-template.php(48): locate_template(Array, true, true, Array)
#3 C:\xampp\htdocs\giadung\wp-content\themes\flatsome\404.php(10): get_header()
#4 C:\xampp\htdocs\giadung\wp-includes\template-loader.php(106): include('C:\\xampp\\htdocs...')
#5 C:\xampp\htdocs\giadung\wp-blog-header.php(19): require_once('C:\\xampp\\htdocs...')
#6 C:\xampp\htdocs\giadung\index.php(17): require('C:\\xampp\\htdocs...')
#7 {main}
  thrown in C:\xampp\htdocs\giadung\wp-content\themes\flatsome\header.php on line 2

2022-03-21T07:38:31+00:00 CRITICAL Uncaught Error: Call to undefined function flatsome_html_classes() in C:\xampp\htdocs\giadung\wp-content\themes\flatsome\header.php:2
Stack trace:
#0 C:\xampp\htdocs\giadung\wp-includes\template.php(770): require_once()
#1 C:\xampp\htdocs\giadung\wp-includes\template.php(716): load_template('C:\\xampp\\htdocs...', true, Array)
#2 C:\xampp\htdocs\giadung\wp-includes\general-template.php(48): locate_template(Array, true, true, Array)
#3 C:\xampp\htdocs\giadung\wp-content\themes\flatsome-child\template\home.php(5): get_header()
#4 C:\xampp\htdocs\giadung\wp-includes\template-loader.php(106): include('C:\\xampp\\htdocs...')
#5 C:\xampp\htdocs\giadung\wp-blog-header.php(19): require_once('C:\\xampp\\htdocs...')
#6 C:\xampp\htdocs\giadung\index.php(17): require('C:\\xampp\\htdocs...')
#7 {main}
  thrown in C:\xampp\htdocs\giadung\wp-content\themes\flatsome\header.php on line 2

2022-03-21T07:38:34+00:00 CRITICAL Uncaught Error: Call to undefined function flatsome_html_classes() in C:\xampp\htdocs\giadung\wp-content\themes\flatsome\header.php:2
Stack trace:
#0 C:\xampp\htdocs\giadung\wp-includes\template.php(770): require_once()
#1 C:\xampp\htdocs\giadung\wp-includes\template.php(716): load_template('C:\\xampp\\htdocs...', true, Array)
#2 C:\xampp\htdocs\giadung\wp-includes\general-template.php(48): locate_template(Array, true, true, Array)
#3 C:\xampp\htdocs\giadung\wp-content\themes\flatsome-child\template\home.php(5): get_header()
#4 C:\xampp\htdocs\giadung\wp-includes\template-loader.php(106): include('C:\\xampp\\htdocs...')
#5 C:\xampp\htdocs\giadung\wp-blog-header.php(19): require_once('C:\\xampp\\htdocs...')
#6 C:\xampp\htdocs\giadung\index.php(17): require('C:\\xampp\\htdocs...')
#7 {main}
  thrown in C:\xampp\htdocs\giadung\wp-content\themes\flatsome\header.php on line 2

2022-03-21T07:40:40+00:00 CRITICAL Uncaught Error: Call to undefined function flatsome_html_classes() in C:\xampp\htdocs\giadung\wp-content\themes\flatsome\header.php:2
Stack trace:
#0 C:\xampp\htdocs\giadung\wp-includes\template.php(770): require_once()
#1 C:\xampp\htdocs\giadung\wp-includes\template.php(716): load_template('C:\\xampp\\htdocs...', true, Array)
#2 C:\xampp\htdocs\giadung\wp-includes\general-template.php(48): locate_template(Array, true, true, Array)
#3 C:\xampp\htdocs\giadung\wp-content\themes\flatsome\404.php(10): get_header()
#4 C:\xampp\htdocs\giadung\wp-includes\template-loader.php(106): include('C:\\xampp\\htdocs...')
#5 C:\xampp\htdocs\giadung\wp-blog-header.php(19): require_once('C:\\xampp\\htdocs...')
#6 C:\xampp\htdocs\giadung\index.php(17): require('C:\\xampp\\htdocs...')
#7 {main}
  thrown in C:\xampp\htdocs\giadung\wp-content\themes\flatsome\header.php on line 2

2022-03-21T07:40:40+00:00 CRITICAL Uncaught Error: Call to undefined function flatsome_html_classes() in C:\xampp\htdocs\giadung\wp-content\themes\flatsome\header.php:2
Stack trace:
#0 C:\xampp\htdocs\giadung\wp-includes\template.php(770): require_once()
#1 C:\xampp\htdocs\giadung\wp-includes\template.php(716): load_template('C:\\xampp\\htdocs...', true, Array)
#2 C:\xampp\htdocs\giadung\wp-includes\general-template.php(48): locate_template(Array, true, true, Array)
#3 C:\xampp\htdocs\giadung\wp-content\themes\flatsome\404.php(10): get_header()
#4 C:\xampp\htdocs\giadung\wp-includes\template-loader.php(106): include('C:\\xampp\\htdocs...')
#5 C:\xampp\htdocs\giadung\wp-blog-header.php(19): require_once('C:\\xampp\\htdocs...')
#6 C:\xampp\htdocs\giadung\index.php(17): require('C:\\xampp\\htdocs...')
#7 {main}
  thrown in C:\xampp\htdocs\giadung\wp-content\themes\flatsome\header.php on line 2

2022-03-21T07:40:40+00:00 CRITICAL Uncaught Error: Call to undefined function flatsome_html_classes() in C:\xampp\htdocs\giadung\wp-content\themes\flatsome\header.php:2
Stack trace:
#0 C:\xampp\htdocs\giadung\wp-includes\template.php(770): require_once()
#1 C:\xampp\htdocs\giadung\wp-includes\template.php(716): load_template('C:\\xampp\\htdocs...', true, Array)
#2 C:\xampp\htdocs\giadung\wp-includes\general-template.php(48): locate_template(Array, true, true, Array)
#3 C:\xampp\htdocs\giadung\wp-content\themes\flatsome\404.php(10): get_header()
#4 C:\xampp\htdocs\giadung\wp-includes\template-loader.php(106): include('C:\\xampp\\htdocs...')
#5 C:\xampp\htdocs\giadung\wp-blog-header.php(19): require_once('C:\\xampp\\htdocs...')
#6 C:\xampp\htdocs\giadung\index.php(17): require('C:\\xampp\\htdocs...')
#7 {main}
  thrown in C:\xampp\htdocs\giadung\wp-content\themes\flatsome\header.php on line 2

2022-03-21T07:41:07+00:00 CRITICAL syntax error, unexpected single-quoted string "PAGE CRALW POST " in C:\xampp\htdocs\giadung\wp-content\themes\flatsome-child\template\kho.php on line 5

2022-03-21T07:41:20+00:00 CRITICAL syntax error, unexpected single-quoted string "PAGE CRALW POST " in C:\xampp\htdocs\giadung\wp-content\themes\flatsome-child\template\kho.php on line 5

2022-03-21T07:41:27+00:00 CRITICAL Uncaught Error: Call to undefined function flatsome_html_classes() in C:\xampp\htdocs\giadung\wp-content\themes\flatsome\header.php:2
Stack trace:
#0 C:\xampp\htdocs\giadung\wp-includes\template.php(770): require_once()
#1 C:\xampp\htdocs\giadung\wp-includes\template.php(716): load_template('C:\\xampp\\htdocs...', true, Array)
#2 C:\xampp\htdocs\giadung\wp-includes\general-template.php(48): locate_template(Array, true, true, Array)
#3 C:\xampp\htdocs\giadung\wp-content\themes\flatsome-child\template\kho.php(6): get_header()
#4 C:\xampp\htdocs\giadung\wp-includes\template-loader.php(106): include('C:\\xampp\\htdocs...')
#5 C:\xampp\htdocs\giadung\wp-blog-header.php(19): require_once('C:\\xampp\\htdocs...')
#6 C:\xampp\htdocs\giadung\index.php(17): require('C:\\xampp\\htdocs...')
#7 {main}
  thrown in C:\xampp\htdocs\giadung\wp-content\themes\flatsome\header.php on line 2

2022-03-21T07:41:46+00:00 CRITICAL Uncaught Error: Call to undefined function flatsome_html_classes() in C:\xampp\htdocs\giadung\wp-content\themes\flatsome\header.php:2
Stack trace:
#0 C:\xampp\htdocs\giadung\wp-includes\template.php(770): require_once()
#1 C:\xampp\htdocs\giadung\wp-includes\template.php(716): load_template('C:\\xampp\\htdocs...', true, Array)
#2 C:\xampp\htdocs\giadung\wp-includes\general-template.php(48): locate_template(Array, true, true, Array)
#3 C:\xampp\htdocs\giadung\wp-content\themes\flatsome-child\template\kho.php(5): get_header()
#4 C:\xampp\htdocs\giadung\wp-includes\template-loader.php(106): include('C:\\xampp\\htdocs...')
#5 C:\xampp\htdocs\giadung\wp-blog-header.php(19): require_once('C:\\xampp\\htdocs...')
#6 C:\xampp\htdocs\giadung\index.php(17): require('C:\\xampp\\htdocs...')
#7 {main}
  thrown in C:\xampp\htdocs\giadung\wp-content\themes\flatsome\header.php on line 2

2022-03-21T07:41:54+00:00 CRITICAL Uncaught Error: Call to undefined function flatsome_html_classes() in C:\xampp\htdocs\giadung\wp-content\themes\flatsome\header.php:2
Stack trace:
#0 C:\xampp\htdocs\giadung\wp-includes\template.php(770): require_once()
#1 C:\xampp\htdocs\giadung\wp-includes\template.php(716): load_template('C:\\xampp\\htdocs...', true, Array)
#2 C:\xampp\htdocs\giadung\wp-includes\general-template.php(48): locate_template(Array, true, true, Array)
#3 C:\xampp\htdocs\giadung\wp-content\themes\flatsome-child\template\kho.php(5): get_header()
#4 C:\xampp\htdocs\giadung\wp-includes\template-loader.php(106): include('C:\\xampp\\htdocs...')
#5 C:\xampp\htdocs\giadung\wp-blog-header.php(19): require_once('C:\\xampp\\htdocs...')
#6 C:\xampp\htdocs\giadung\index.php(17): require('C:\\xampp\\htdocs...')
#7 {main}
  thrown in C:\xampp\htdocs\giadung\wp-content\themes\flatsome\header.php on line 2

2022-03-21T07:41:56+00:00 CRITICAL Uncaught Error: Call to undefined function flatsome_html_classes() in C:\xampp\htdocs\giadung\wp-content\themes\flatsome\header.php:2
Stack trace:
#0 C:\xampp\htdocs\giadung\wp-includes\template.php(770): require_once()
#1 C:\xampp\htdocs\giadung\wp-includes\template.php(716): load_template('C:\\xampp\\htdocs...', true, Array)
#2 C:\xampp\htdocs\giadung\wp-includes\general-template.php(48): locate_template(Array, true, true, Array)
#3 C:\xampp\htdocs\giadung\wp-content\themes\flatsome-child\template\kho.php(5): get_header()
#4 C:\xampp\htdocs\giadung\wp-includes\template-loader.php(106): include('C:\\xampp\\htdocs...')
#5 C:\xampp\htdocs\giadung\wp-blog-header.php(19): require_once('C:\\xampp\\htdocs...')
#6 C:\xampp\htdocs\giadung\index.php(17): require('C:\\xampp\\htdocs...')
#7 {main}
  thrown in C:\xampp\htdocs\giadung\wp-content\themes\flatsome\header.php on line 2

2022-03-21T07:43:17+00:00 CRITICAL Uncaught Error: Call to undefined function flatsome_html_classes() in C:\xampp\htdocs\giadung\wp-content\themes\flatsome\header.php:2
Stack trace:
#0 C:\xampp\htdocs\giadung\wp-includes\template.php(770): require_once()
#1 C:\xampp\htdocs\giadung\wp-includes\template.php(716): load_template('C:\\xampp\\htdocs...', true, Array)
#2 C:\xampp\htdocs\giadung\wp-includes\general-template.php(48): locate_template(Array, true, true, Array)
#3 C:\xampp\htdocs\giadung\wp-content\themes\flatsome-child\template\kho.php(5): get_header()
#4 C:\xampp\htdocs\giadung\wp-includes\template-loader.php(106): include('C:\\xampp\\htdocs...')
#5 C:\xampp\htdocs\giadung\wp-blog-header.php(19): require_once('C:\\xampp\\htdocs...')
#6 C:\xampp\htdocs\giadung\index.php(17): require('C:\\xampp\\htdocs...')
#7 {main}
  thrown in C:\xampp\htdocs\giadung\wp-content\themes\flatsome\header.php on line 2

2022-03-21T07:43:24+00:00 CRITICAL Uncaught Error: Call to undefined function flatsome_html_classes() in C:\xampp\htdocs\giadung\wp-content\themes\flatsome\header.php:2
Stack trace:
#0 C:\xampp\htdocs\giadung\wp-includes\template.php(770): require_once()
#1 C:\xampp\htdocs\giadung\wp-includes\template.php(716): load_template('C:\\xampp\\htdocs...', true, Array)
#2 C:\xampp\htdocs\giadung\wp-includes\general-template.php(48): locate_template(Array, true, true, Array)
#3 C:\xampp\htdocs\giadung\wp-content\themes\flatsome-child\template\kho.php(5): get_header()
#4 C:\xampp\htdocs\giadung\wp-includes\template-loader.php(106): include('C:\\xampp\\htdocs...')
#5 C:\xampp\htdocs\giadung\wp-blog-header.php(19): require_once('C:\\xampp\\htdocs...')
#6 C:\xampp\htdocs\giadung\index.php(17): require('C:\\xampp\\htdocs...')
#7 {main}
  thrown in C:\xampp\htdocs\giadung\wp-content\themes\flatsome\header.php on line 2

2022-03-21T07:43:41+00:00 CRITICAL Uncaught Error: Call to undefined function flatsome_html_classes() in C:\xampp\htdocs\giadung\wp-content\themes\flatsome\header.php:2
Stack trace:
#0 C:\xampp\htdocs\giadung\wp-includes\template.php(770): require_once()
#1 C:\xampp\htdocs\giadung\wp-includes\template.php(716): load_template('C:\\xampp\\htdocs...', true, Array)
#2 C:\xampp\htdocs\giadung\wp-includes\general-template.php(48): locate_template(Array, true, true, Array)
#3 C:\xampp\htdocs\giadung\wp-content\themes\flatsome\404.php(10): get_header()
#4 C:\xampp\htdocs\giadung\wp-includes\template-loader.php(106): include('C:\\xampp\\htdocs...')
#5 C:\xampp\htdocs\giadung\wp-blog-header.php(19): require_once('C:\\xampp\\htdocs...')
#6 C:\xampp\htdocs\giadung\index.php(17): require('C:\\xampp\\htdocs...')
#7 {main}
  thrown in C:\xampp\htdocs\giadung\wp-content\themes\flatsome\header.php on line 2

2022-03-21T07:43:41+00:00 CRITICAL Uncaught Error: Call to undefined function flatsome_html_classes() in C:\xampp\htdocs\giadung\wp-content\themes\flatsome\header.php:2
Stack trace:
#0 C:\xampp\htdocs\giadung\wp-includes\template.php(770): require_once()
#1 C:\xampp\htdocs\giadung\wp-includes\template.php(716): load_template('C:\\xampp\\htdocs...', true, Array)
#2 C:\xampp\htdocs\giadung\wp-includes\general-template.php(48): locate_template(Array, true, true, Array)
#3 C:\xampp\htdocs\giadung\wp-content\themes\flatsome\404.php(10): get_header()
#4 C:\xampp\htdocs\giadung\wp-includes\template-loader.php(106): include('C:\\xampp\\htdocs...')
#5 C:\xampp\htdocs\giadung\wp-blog-header.php(19): require_once('C:\\xampp\\htdocs...')
#6 C:\xampp\htdocs\giadung\index.php(17): require('C:\\xampp\\htdocs...')
#7 {main}
  thrown in C:\xampp\htdocs\giadung\wp-content\themes\flatsome\header.php on line 2

2022-03-21T07:43:41+00:00 CRITICAL Uncaught Error: Call to undefined function flatsome_html_classes() in C:\xampp\htdocs\giadung\wp-content\themes\flatsome\header.php:2
Stack trace:
#0 C:\xampp\htdocs\giadung\wp-includes\template.php(770): require_once()
#1 C:\xampp\htdocs\giadung\wp-includes\template.php(716): load_template('C:\\xampp\\htdocs...', true, Array)
#2 C:\xampp\htdocs\giadung\wp-includes\general-template.php(48): locate_template(Array, true, true, Array)
#3 C:\xampp\htdocs\giadung\wp-content\themes\flatsome\404.php(10): get_header()
#4 C:\xampp\htdocs\giadung\wp-includes\template-loader.php(106): include('C:\\xampp\\htdocs...')
#5 C:\xampp\htdocs\giadung\wp-blog-header.php(19): require_once('C:\\xampp\\htdocs...')
#6 C:\xampp\htdocs\giadung\index.php(17): require('C:\\xampp\\htdocs...')
#7 {main}
  thrown in C:\xampp\htdocs\giadung\wp-content\themes\flatsome\header.php on line 2

2022-03-21T07:44:01+00:00 CRITICAL Uncaught Error: Call to undefined function flatsome_html_classes() in C:\xampp\htdocs\giadung\wp-content\themes\flatsome\header.php:2
Stack trace:
#0 C:\xampp\htdocs\giadung\wp-includes\template.php(770): require_once()
#1 C:\xampp\htdocs\giadung\wp-includes\template.php(716): load_template('C:\\xampp\\htdocs...', true, Array)
#2 C:\xampp\htdocs\giadung\wp-includes\general-template.php(48): locate_template(Array, true, true, Array)
#3 C:\xampp\htdocs\giadung\wp-content\themes\flatsome\page-blank-title-center.php(5): get_header()
#4 C:\xampp\htdocs\giadung\wp-includes\template-loader.php(106): include('C:\\xampp\\htdocs...')
#5 C:\xampp\htdocs\giadung\wp-blog-header.php(19): require_once('C:\\xampp\\htdocs...')
#6 C:\xampp\htdocs\giadung\index.php(17): require('C:\\xampp\\htdocs...')
#7 {main}
  thrown in C:\xampp\htdocs\giadung\wp-content\themes\flatsome\header.php on line 2

2022-03-21T07:44:05+00:00 CRITICAL Uncaught Error: Call to undefined function flatsome_html_classes() in C:\xampp\htdocs\giadung\wp-content\themes\flatsome\header.php:2
Stack trace:
#0 C:\xampp\htdocs\giadung\wp-includes\template.php(770): require_once()
#1 C:\xampp\htdocs\giadung\wp-includes\template.php(716): load_template('C:\\xampp\\htdocs...', true, Array)
#2 C:\xampp\htdocs\giadung\wp-includes\general-template.php(48): locate_template(Array, true, true, Array)
#3 C:\xampp\htdocs\giadung\wp-content\themes\flatsome\page-blank-title-center.php(5): get_header()
#4 C:\xampp\htdocs\giadung\wp-includes\template-loader.php(106): include('C:\\xampp\\htdocs...')
#5 C:\xampp\htdocs\giadung\wp-blog-header.php(19): require_once('C:\\xampp\\htdocs...')
#6 C:\xampp\htdocs\giadung\index.php(17): require('C:\\xampp\\htdocs...')
#7 {main}
  thrown in C:\xampp\htdocs\giadung\wp-content\themes\flatsome\header.php on line 2

2022-03-21T07:44:50+00:00 CRITICAL Uncaught Error: Call to undefined function flatsome_html_classes() in C:\xampp\htdocs\giadung\wp-content\themes\flatsome\header.php:2
Stack trace:
#0 C:\xampp\htdocs\giadung\wp-includes\template.php(770): require_once()
#1 C:\xampp\htdocs\giadung\wp-includes\template.php(716): load_template('C:\\xampp\\htdocs...', true, Array)
#2 C:\xampp\htdocs\giadung\wp-includes\general-template.php(48): locate_template(Array, true, true, Array)
#3 C:\xampp\htdocs\giadung\wp-content\themes\flatsome\404.php(10): get_header()
#4 C:\xampp\htdocs\giadung\wp-includes\template-loader.php(106): include('C:\\xampp\\htdocs...')
#5 C:\xampp\htdocs\giadung\wp-blog-header.php(19): require_once('C:\\xampp\\htdocs...')
#6 C:\xampp\htdocs\giadung\index.php(17): require('C:\\xampp\\htdocs...')
#7 {main}
  thrown in C:\xampp\htdocs\giadung\wp-content\themes\flatsome\header.php on line 2

2022-03-21T07:44:50+00:00 CRITICAL Uncaught Error: Call to undefined function flatsome_html_classes() in C:\xampp\htdocs\giadung\wp-content\themes\flatsome\header.php:2
Stack trace:
#0 C:\xampp\htdocs\giadung\wp-includes\template.php(770): require_once()
#1 C:\xampp\htdocs\giadung\wp-includes\template.php(716): load_template('C:\\xampp\\htdocs...', true, Array)
#2 C:\xampp\htdocs\giadung\wp-includes\general-template.php(48): locate_template(Array, true, true, Array)
#3 C:\xampp\htdocs\giadung\wp-content\themes\flatsome\404.php(10): get_header()
#4 C:\xampp\htdocs\giadung\wp-includes\template-loader.php(106): include('C:\\xampp\\htdocs...')
#5 C:\xampp\htdocs\giadung\wp-blog-header.php(19): require_once('C:\\xampp\\htdocs...')
#6 C:\xampp\htdocs\giadung\index.php(17): require('C:\\xampp\\htdocs...')
#7 {main}
  thrown in C:\xampp\htdocs\giadung\wp-content\themes\flatsome\header.php on line 2

2022-03-21T07:44:50+00:00 CRITICAL Uncaught Error: Call to undefined function flatsome_html_classes() in C:\xampp\htdocs\giadung\wp-content\themes\flatsome\header.php:2
Stack trace:
#0 C:\xampp\htdocs\giadung\wp-includes\template.php(770): require_once()
#1 C:\xampp\htdocs\giadung\wp-includes\template.php(716): load_template('C:\\xampp\\htdocs...', true, Array)
#2 C:\xampp\htdocs\giadung\wp-includes\general-template.php(48): locate_template(Array, true, true, Array)
#3 C:\xampp\htdocs\giadung\wp-content\themes\flatsome\404.php(10): get_header()
#4 C:\xampp\htdocs\giadung\wp-includes\template-loader.php(106): include('C:\\xampp\\htdocs...')
#5 C:\xampp\htdocs\giadung\wp-blog-header.php(19): require_once('C:\\xampp\\htdocs...')
#6 C:\xampp\htdocs\giadung\index.php(17): require('C:\\xampp\\htdocs...')
#7 {main}
  thrown in C:\xampp\htdocs\giadung\wp-content\themes\flatsome\header.php on line 2

2022-03-21T07:45:01+00:00 CRITICAL Uncaught Error: Call to undefined function flatsome_html_classes() in C:\xampp\htdocs\giadung\wp-content\themes\flatsome\header.php:2
Stack trace:
#0 C:\xampp\htdocs\giadung\wp-includes\template.php(770): require_once()
#1 C:\xampp\htdocs\giadung\wp-includes\template.php(716): load_template('C:\\xampp\\htdocs...', true, Array)
#2 C:\xampp\htdocs\giadung\wp-includes\general-template.php(48): locate_template(Array, true, true, Array)
#3 C:\xampp\htdocs\giadung\wp-content\themes\flatsome-child\template\kho.php(5): get_header()
#4 C:\xampp\htdocs\giadung\wp-includes\template-loader.php(106): include('C:\\xampp\\htdocs...')
#5 C:\xampp\htdocs\giadung\wp-blog-header.php(19): require_once('C:\\xampp\\htdocs...')
#6 C:\xampp\htdocs\giadung\index.php(17): require('C:\\xampp\\htdocs...')
#7 {main}
  thrown in C:\xampp\htdocs\giadung\wp-content\themes\flatsome\header.php on line 2

2022-03-21T07:45:04+00:00 CRITICAL Uncaught Error: Call to undefined function flatsome_html_classes() in C:\xampp\htdocs\giadung\wp-content\themes\flatsome\header.php:2
Stack trace:
#0 C:\xampp\htdocs\giadung\wp-includes\template.php(770): require_once()
#1 C:\xampp\htdocs\giadung\wp-includes\template.php(716): load_template('C:\\xampp\\htdocs...', true, Array)
#2 C:\xampp\htdocs\giadung\wp-includes\general-template.php(48): locate_template(Array, true, true, Array)
#3 C:\xampp\htdocs\giadung\wp-content\themes\flatsome-child\template\kho.php(5): get_header()
#4 C:\xampp\htdocs\giadung\wp-includes\template-loader.php(106): include('C:\\xampp\\htdocs...')
#5 C:\xampp\htdocs\giadung\wp-blog-header.php(19): require_once('C:\\xampp\\htdocs...')
#6 C:\xampp\htdocs\giadung\index.php(17): require('C:\\xampp\\htdocs...')
#7 {main}
  thrown in C:\xampp\htdocs\giadung\wp-content\themes\flatsome\header.php on line 2

2022-03-21T07:45:06+00:00 CRITICAL Uncaught Error: Call to undefined function flatsome_html_classes() in C:\xampp\htdocs\giadung\wp-content\themes\flatsome\header.php:2
Stack trace:
#0 C:\xampp\htdocs\giadung\wp-includes\template.php(770): require_once()
#1 C:\xampp\htdocs\giadung\wp-includes\template.php(716): load_template('C:\\xampp\\htdocs...', true, Array)
#2 C:\xampp\htdocs\giadung\wp-includes\general-template.php(48): locate_template(Array, true, true, Array)
#3 C:\xampp\htdocs\giadung\wp-content\themes\flatsome-child\template\kho.php(5): get_header()
#4 C:\xampp\htdocs\giadung\wp-includes\template-loader.php(106): include('C:\\xampp\\htdocs...')
#5 C:\xampp\htdocs\giadung\wp-blog-header.php(19): require_once('C:\\xampp\\htdocs...')
#6 C:\xampp\htdocs\giadung\index.php(17): require('C:\\xampp\\htdocs...')
#7 {main}
  thrown in C:\xampp\htdocs\giadung\wp-content\themes\flatsome\header.php on line 2

2022-03-21T07:45:07+00:00 CRITICAL Uncaught Error: Call to undefined function flatsome_html_classes() in C:\xampp\htdocs\giadung\wp-content\themes\flatsome\header.php:2
Stack trace:
#0 C:\xampp\htdocs\giadung\wp-includes\template.php(770): require_once()
#1 C:\xampp\htdocs\giadung\wp-includes\template.php(716): load_template('C:\\xampp\\htdocs...', true, Array)
#2 C:\xampp\htdocs\giadung\wp-includes\general-template.php(48): locate_template(Array, true, true, Array)
#3 C:\xampp\htdocs\giadung\wp-content\themes\flatsome-child\template\kho.php(5): get_header()
#4 C:\xampp\htdocs\giadung\wp-includes\template-loader.php(106): include('C:\\xampp\\htdocs...')
#5 C:\xampp\htdocs\giadung\wp-blog-header.php(19): require_once('C:\\xampp\\htdocs...')
#6 C:\xampp\htdocs\giadung\index.php(17): require('C:\\xampp\\htdocs...')
#7 {main}
  thrown in C:\xampp\htdocs\giadung\wp-content\themes\flatsome\header.php on line 2

2022-03-21T07:45:14+00:00 CRITICAL Uncaught Error: Call to undefined function flatsome_html_classes() in C:\xampp\htdocs\giadung\wp-content\themes\flatsome\header.php:2
Stack trace:
#0 C:\xampp\htdocs\giadung\wp-includes\template.php(770): require_once()
#1 C:\xampp\htdocs\giadung\wp-includes\template.php(716): load_template('C:\\xampp\\htdocs...', true, Array)
#2 C:\xampp\htdocs\giadung\wp-includes\general-template.php(48): locate_template(Array, true, true, Array)
#3 C:\xampp\htdocs\giadung\wp-content\themes\flatsome\page-blank.php(5): get_header()
#4 C:\xampp\htdocs\giadung\wp-includes\template-loader.php(106): include('C:\\xampp\\htdocs...')
#5 C:\xampp\htdocs\giadung\wp-blog-header.php(19): require_once('C:\\xampp\\htdocs...')
#6 C:\xampp\htdocs\giadung\index.php(17): require('C:\\xampp\\htdocs...')
#7 {main}
  thrown in C:\xampp\htdocs\giadung\wp-content\themes\flatsome\header.php on line 2

2022-03-21T07:45:17+00:00 CRITICAL Uncaught Error: Call to undefined function flatsome_html_classes() in C:\xampp\htdocs\giadung\wp-content\themes\flatsome\header.php:2
Stack trace:
#0 C:\xampp\htdocs\giadung\wp-includes\template.php(770): require_once()
#1 C:\xampp\htdocs\giadung\wp-includes\template.php(716): load_template('C:\\xampp\\htdocs...', true, Array)
#2 C:\xampp\htdocs\giadung\wp-includes\general-template.php(48): locate_template(Array, true, true, Array)
#3 C:\xampp\htdocs\giadung\wp-content\themes\flatsome\page-blank.php(5): get_header()
#4 C:\xampp\htdocs\giadung\wp-includes\template-loader.php(106): include('C:\\xampp\\htdocs...')
#5 C:\xampp\htdocs\giadung\wp-blog-header.php(19): require_once('C:\\xampp\\htdocs...')
#6 C:\xampp\htdocs\giadung\index.php(17): require('C:\\xampp\\htdocs...')
#7 {main}
  thrown in C:\xampp\htdocs\giadung\wp-content\themes\flatsome\header.php on line 2

2022-03-21T07:45:24+00:00 CRITICAL Uncaught Error: Call to undefined function flatsome_html_classes() in C:\xampp\htdocs\giadung\wp-content\themes\flatsome\header.php:2
Stack trace:
#0 C:\xampp\htdocs\giadung\wp-includes\template.php(770): require_once()
#1 C:\xampp\htdocs\giadung\wp-includes\template.php(716): load_template('C:\\xampp\\htdocs...', true, Array)
#2 C:\xampp\htdocs\giadung\wp-includes\general-template.php(48): locate_template(Array, true, true, Array)
#3 C:\xampp\htdocs\giadung\wp-content\themes\flatsome\page-blank.php(5): get_header()
#4 C:\xampp\htdocs\giadung\wp-includes\template-loader.php(106): include('C:\\xampp\\htdocs...')
#5 C:\xampp\htdocs\giadung\wp-blog-header.php(19): require_once('C:\\xampp\\htdocs...')
#6 C:\xampp\htdocs\giadung\index.php(17): require('C:\\xampp\\htdocs...')
#7 {main}
  thrown in C:\xampp\htdocs\giadung\wp-content\themes\flatsome\header.php on line 2

2022-03-21T07:45:39+00:00 CRITICAL Uncaught Error: Call to undefined function flatsome_html_classes() in C:\xampp\htdocs\giadung\wp-content\themes\flatsome\header.php:2
Stack trace:
#0 C:\xampp\htdocs\giadung\wp-includes\template.php(770): require_once()
#1 C:\xampp\htdocs\giadung\wp-includes\template.php(716): load_template('C:\\xampp\\htdocs...', true, Array)
#2 C:\xampp\htdocs\giadung\wp-includes\general-template.php(48): locate_template(Array, true, true, Array)
#3 C:\xampp\htdocs\giadung\wp-content\themes\flatsome\page-blank.php(5): get_header()
#4 C:\xampp\htdocs\giadung\wp-includes\template-loader.php(106): include('C:\\xampp\\htdocs...')
#5 C:\xampp\htdocs\giadung\wp-blog-header.php(19): require_once('C:\\xampp\\htdocs...')
#6 C:\xampp\htdocs\giadung\index.php(17): require('C:\\xampp\\htdocs...')
#7 {main}
  thrown in C:\xampp\htdocs\giadung\wp-content\themes\flatsome\header.php on line 2

2022-03-21T07:45:56+00:00 CRITICAL Uncaught Error: Call to undefined function flatsome_html_classes() in C:\xampp\htdocs\giadung\wp-content\themes\flatsome\header.php:2
Stack trace:
#0 C:\xampp\htdocs\giadung\wp-includes\template.php(770): require_once()
#1 C:\xampp\htdocs\giadung\wp-includes\template.php(716): load_template('C:\\xampp\\htdocs...', true, Array)
#2 C:\xampp\htdocs\giadung\wp-includes\general-template.php(48): locate_template(Array, true, true, Array)
#3 C:\xampp\htdocs\giadung\wp-content\themes\flatsome\page-blank.php(5): get_header()
#4 C:\xampp\htdocs\giadung\wp-includes\template-loader.php(106): include('C:\\xampp\\htdocs...')
#5 C:\xampp\htdocs\giadung\wp-blog-header.php(19): require_once('C:\\xampp\\htdocs...')
#6 C:\xampp\htdocs\giadung\index.php(17): require('C:\\xampp\\htdocs...')
#7 {main}
  thrown in C:\xampp\htdocs\giadung\wp-content\themes\flatsome\header.php on line 2

