2022-03-20T01:18:56+00:00 CRITICAL Uncaught Error: Unknown named parameter $item in C:\xampp\htdocs\giadung\wp-content\themes\flatsome\inc\builder\core\server\src\Transformers\ArrayToString.php:57
Stack trace:
#0 C:\xampp\htdocs\giadung\wp-content\themes\flatsome\inc\builder\core\server\src\Transformers\ArrayToString.php(57): call_user_func_array(Object(Closure), Array)
#1 C:\xampp\htdocs\giadung\wp-content\themes\flatsome\inc\builder\core\server\src\Transformers\ArrayToString.php(145): UxBuilder\Transformers\ArrayToString->transform(Array, Array)
#2 C:\xampp\htdocs\giadung\wp-content\themes\flatsome\inc\builder\core\server\src\Transformers\ArrayToString.php(50): UxBuilder\Transformers\ArrayToString->get_content(Array)
#3 C:\xampp\htdocs\giadung\wp-content\themes\flatsome\inc\builder\core\server\src\Ajax\DoShortcode.php(28): UxBuilder\Transformers\ArrayToString->transform(Array)
#4 C:\xampp\htdocs\giadung\wp-includes\class-wp-hook.php(307): UxBuilder\Ajax\DoShortcode->do_shortcode('')
#5 C:\xampp\htdocs\giadung\wp-includes\class-wp-hook.php(331): WP_Hook->apply_filters(NULL, Array)
#6 C:\xampp\htdocs\giadung\wp-includes\plugin.php(474): WP_Hook->do_action(Array)
#7 C:\xampp\htdocs\giadung\wp-includes\template-loader.php(13): do_action('template_redire...')
#8 C:\xampp\htdocs\giadung\wp-blog-header.php(19): require_once('C:\\xampp\\htdocs...')
#9 C:\xampp\htdocs\giadung\index.php(17): require('C:\\xampp\\htdocs...')
#10 {main}
  thrown in C:\xampp\htdocs\giadung\wp-content\themes\flatsome\inc\builder\core\server\src\Transformers\ArrayToString.php on line 57

2022-03-20T01:18:56+00:00 CRITICAL Uncaught Error: Unknown named parameter $item in C:\xampp\htdocs\giadung\wp-content\themes\flatsome\inc\builder\core\server\src\Transformers\ArrayToString.php:57
Stack trace:
#0 C:\xampp\htdocs\giadung\wp-content\themes\flatsome\inc\builder\core\server\src\Transformers\ArrayToString.php(57): call_user_func_array(Object(Closure), Array)
#1 C:\xampp\htdocs\giadung\wp-content\themes\flatsome\inc\builder\core\server\src\Transformers\ArrayToString.php(145): UxBuilder\Transformers\ArrayToString->transform(Array, Array)
#2 C:\xampp\htdocs\giadung\wp-content\themes\flatsome\inc\builder\core\server\src\Transformers\ArrayToString.php(50): UxBuilder\Transformers\ArrayToString->get_content(Array)
#3 C:\xampp\htdocs\giadung\wp-content\themes\flatsome\inc\builder\core\server\src\Ajax\DoShortcode.php(28): UxBuilder\Transformers\ArrayToString->transform(Array)
#4 C:\xampp\htdocs\giadung\wp-includes\class-wp-hook.php(307): UxBuilder\Ajax\DoShortcode->do_shortcode('')
#5 C:\xampp\htdocs\giadung\wp-includes\class-wp-hook.php(331): WP_Hook->apply_filters(NULL, Array)
#6 C:\xampp\htdocs\giadung\wp-includes\plugin.php(474): WP_Hook->do_action(Array)
#7 C:\xampp\htdocs\giadung\wp-includes\template-loader.php(13): do_action('template_redire...')
#8 C:\xampp\htdocs\giadung\wp-blog-header.php(19): require_once('C:\\xampp\\htdocs...')
#9 C:\xampp\htdocs\giadung\index.php(17): require('C:\\xampp\\htdocs...')
#10 {main}
  thrown in C:\xampp\htdocs\giadung\wp-content\themes\flatsome\inc\builder\core\server\src\Transformers\ArrayToString.php on line 57

2022-03-20T01:18:56+00:00 CRITICAL Uncaught Error: Unknown named parameter $item in C:\xampp\htdocs\giadung\wp-content\themes\flatsome\inc\builder\core\server\src\Transformers\ArrayToString.php:57
Stack trace:
#0 C:\xampp\htdocs\giadung\wp-content\themes\flatsome\inc\builder\core\server\src\Transformers\ArrayToString.php(57): call_user_func_array(Object(Closure), Array)
#1 C:\xampp\htdocs\giadung\wp-content\themes\flatsome\inc\builder\core\server\src\Transformers\ArrayToString.php(145): UxBuilder\Transformers\ArrayToString->transform(Array, Array)
#2 C:\xampp\htdocs\giadung\wp-content\themes\flatsome\inc\builder\core\server\src\Transformers\ArrayToString.php(50): UxBuilder\Transformers\ArrayToString->get_content(Array)
#3 C:\xampp\htdocs\giadung\wp-content\themes\flatsome\inc\builder\core\server\src\Ajax\DoShortcode.php(28): UxBuilder\Transformers\ArrayToString->transform(Array)
#4 C:\xampp\htdocs\giadung\wp-includes\class-wp-hook.php(307): UxBuilder\Ajax\DoShortcode->do_shortcode('')
#5 C:\xampp\htdocs\giadung\wp-includes\class-wp-hook.php(331): WP_Hook->apply_filters(NULL, Array)
#6 C:\xampp\htdocs\giadung\wp-includes\plugin.php(474): WP_Hook->do_action(Array)
#7 C:\xampp\htdocs\giadung\wp-includes\template-loader.php(13): do_action('template_redire...')
#8 C:\xampp\htdocs\giadung\wp-blog-header.php(19): require_once('C:\\xampp\\htdocs...')
#9 C:\xampp\htdocs\giadung\index.php(17): require('C:\\xampp\\htdocs...')
#10 {main}
  thrown in C:\xampp\htdocs\giadung\wp-content\themes\flatsome\inc\builder\core\server\src\Transformers\ArrayToString.php on line 57

2022-03-20T01:18:57+00:00 CRITICAL Possible integer overflow in memory allocation (2 * 15948 + 32) in C:\xampp\htdocs\giadung\wp-includes\shortcodes.php on line 228

2022-03-20T01:19:24+00:00 CRITICAL Possible integer overflow in memory allocation (2 * 36 + 32) in C:\xampp\htdocs\giadung\wp-includes\shortcodes.php on line 228

2022-03-20T01:19:24+00:00 CRITICAL Uncaught Error: Unknown named parameter $item in C:\xampp\htdocs\giadung\wp-content\themes\flatsome\inc\builder\core\server\src\Transformers\ArrayToString.php:57
Stack trace:
#0 C:\xampp\htdocs\giadung\wp-content\themes\flatsome\inc\builder\core\server\src\Transformers\ArrayToString.php(57): call_user_func_array(Object(Closure), Array)
#1 C:\xampp\htdocs\giadung\wp-content\themes\flatsome\inc\builder\core\server\src\Transformers\ArrayToString.php(145): UxBuilder\Transformers\ArrayToString->transform(Array, Array)
#2 C:\xampp\htdocs\giadung\wp-content\themes\flatsome\inc\builder\core\server\src\Transformers\ArrayToString.php(50): UxBuilder\Transformers\ArrayToString->get_content(Array)
#3 C:\xampp\htdocs\giadung\wp-content\themes\flatsome\inc\builder\core\server\src\Ajax\DoShortcode.php(28): UxBuilder\Transformers\ArrayToString->transform(Array)
#4 C:\xampp\htdocs\giadung\wp-includes\class-wp-hook.php(307): UxBuilder\Ajax\DoShortcode->do_shortcode('')
#5 C:\xampp\htdocs\giadung\wp-includes\class-wp-hook.php(331): WP_Hook->apply_filters(NULL, Array)
#6 C:\xampp\htdocs\giadung\wp-includes\plugin.php(474): WP_Hook->do_action(Array)
#7 C:\xampp\htdocs\giadung\wp-includes\template-loader.php(13): do_action('template_redire...')
#8 C:\xampp\htdocs\giadung\wp-blog-header.php(19): require_once('C:\\xampp\\htdocs...')
#9 C:\xampp\htdocs\giadung\index.php(17): require('C:\\xampp\\htdocs...')
#10 {main}
  thrown in C:\xampp\htdocs\giadung\wp-content\themes\flatsome\inc\builder\core\server\src\Transformers\ArrayToString.php on line 57

2022-03-20T01:19:24+00:00 CRITICAL Uncaught Error: Unknown named parameter $item in C:\xampp\htdocs\giadung\wp-content\themes\flatsome\inc\builder\core\server\src\Transformers\ArrayToString.php:57
Stack trace:
#0 C:\xampp\htdocs\giadung\wp-content\themes\flatsome\inc\builder\core\server\src\Transformers\ArrayToString.php(57): call_user_func_array(Object(Closure), Array)
#1 C:\xampp\htdocs\giadung\wp-content\themes\flatsome\inc\builder\core\server\src\Transformers\ArrayToString.php(145): UxBuilder\Transformers\ArrayToString->transform(Array, Array)
#2 C:\xampp\htdocs\giadung\wp-content\themes\flatsome\inc\builder\core\server\src\Transformers\ArrayToString.php(50): UxBuilder\Transformers\ArrayToString->get_content(Array)
#3 C:\xampp\htdocs\giadung\wp-content\themes\flatsome\inc\builder\core\server\src\Ajax\DoShortcode.php(28): UxBuilder\Transformers\ArrayToString->transform(Array)
#4 C:\xampp\htdocs\giadung\wp-includes\class-wp-hook.php(307): UxBuilder\Ajax\DoShortcode->do_shortcode('')
#5 C:\xampp\htdocs\giadung\wp-includes\class-wp-hook.php(331): WP_Hook->apply_filters(NULL, Array)
#6 C:\xampp\htdocs\giadung\wp-includes\plugin.php(474): WP_Hook->do_action(Array)
#7 C:\xampp\htdocs\giadung\wp-includes\template-loader.php(13): do_action('template_redire...')
#8 C:\xampp\htdocs\giadung\wp-blog-header.php(19): require_once('C:\\xampp\\htdocs...')
#9 C:\xampp\htdocs\giadung\index.php(17): require('C:\\xampp\\htdocs...')
#10 {main}
  thrown in C:\xampp\htdocs\giadung\wp-content\themes\flatsome\inc\builder\core\server\src\Transformers\ArrayToString.php on line 57

2022-03-20T01:19:24+00:00 CRITICAL Uncaught Error: Unknown named parameter $item in C:\xampp\htdocs\giadung\wp-content\themes\flatsome\inc\builder\core\server\src\Transformers\ArrayToString.php:57
Stack trace:
#0 C:\xampp\htdocs\giadung\wp-content\themes\flatsome\inc\builder\core\server\src\Transformers\ArrayToString.php(57): call_user_func_array(Object(Closure), Array)
#1 C:\xampp\htdocs\giadung\wp-content\themes\flatsome\inc\builder\core\server\src\Transformers\ArrayToString.php(145): UxBuilder\Transformers\ArrayToString->transform(Array, Array)
#2 C:\xampp\htdocs\giadung\wp-content\themes\flatsome\inc\builder\core\server\src\Transformers\ArrayToString.php(50): UxBuilder\Transformers\ArrayToString->get_content(Array)
#3 C:\xampp\htdocs\giadung\wp-content\themes\flatsome\inc\builder\core\server\src\Ajax\DoShortcode.php(28): UxBuilder\Transformers\ArrayToString->transform(Array)
#4 C:\xampp\htdocs\giadung\wp-includes\class-wp-hook.php(307): UxBuilder\Ajax\DoShortcode->do_shortcode('')
#5 C:\xampp\htdocs\giadung\wp-includes\class-wp-hook.php(331): WP_Hook->apply_filters(NULL, Array)
#6 C:\xampp\htdocs\giadung\wp-includes\plugin.php(474): WP_Hook->do_action(Array)
#7 C:\xampp\htdocs\giadung\wp-includes\template-loader.php(13): do_action('template_redire...')
#8 C:\xampp\htdocs\giadung\wp-blog-header.php(19): require_once('C:\\xampp\\htdocs...')
#9 C:\xampp\htdocs\giadung\index.php(17): require('C:\\xampp\\htdocs...')
#10 {main}
  thrown in C:\xampp\htdocs\giadung\wp-content\themes\flatsome\inc\builder\core\server\src\Transformers\ArrayToString.php on line 57

2022-03-20T01:19:27+00:00 CRITICAL Uncaught Error: Unknown named parameter $item in C:\xampp\htdocs\giadung\wp-content\themes\flatsome\inc\builder\core\server\src\Transformers\ArrayToString.php:57
Stack trace:
#0 C:\xampp\htdocs\giadung\wp-content\themes\flatsome\inc\builder\core\server\src\Transformers\ArrayToString.php(57): call_user_func_array(Object(Closure), Array)
#1 C:\xampp\htdocs\giadung\wp-content\themes\flatsome\inc\builder\core\server\src\Transformers\ArrayToString.php(145): UxBuilder\Transformers\ArrayToString->transform(Array, Array)
#2 C:\xampp\htdocs\giadung\wp-content\themes\flatsome\inc\builder\core\server\src\Transformers\ArrayToString.php(50): UxBuilder\Transformers\ArrayToString->get_content(Array)
#3 C:\xampp\htdocs\giadung\wp-content\themes\flatsome\inc\builder\core\server\src\Transformers\ArrayToString.php(145): UxBuilder\Transformers\ArrayToString->transform(Array, Array)
#4 C:\xampp\htdocs\giadung\wp-content\themes\flatsome\inc\builder\core\server\src\Transformers\ArrayToString.php(50): UxBuilder\Transformers\ArrayToString->get_content(Array)
#5 C:\xampp\htdocs\giadung\wp-content\themes\flatsome\inc\builder\core\server\src\Transformers\ArrayToString.php(145): UxBuilder\Transformers\ArrayToString->transform(Array, Array)
#6 C:\xampp\htdocs\giadung\wp-content\themes\flatsome\inc\builder\core\server\src\Transformers\ArrayToString.php(50): UxBuilder\Transformers\ArrayToString->get_content(Array)
#7 C:\xampp\htdocs\giadung\wp-content\themes\flatsome\inc\builder\core\server\src\Transformers\ArrayToString.php(145): UxBuilder\Transformers\ArrayToString->transform(Array, Array)
#8 C:\xampp\htdocs\giadung\wp-content\themes\flatsome\inc\builder\core\server\src\Transformers\ArrayToString.php(50): UxBuilder\Transformers\ArrayToString->get_content(Array)
#9 C:\xampp\htdocs\giadung\wp-content\themes\flatsome\inc\builder\core\server\src\Transformers\ArrayToString.php(145): UxBuilder\Transformers\ArrayToString->transform(Array, Array)
#10 C:\xampp\htdocs\giadung\wp-content\themes\flatsome\inc\builder\core\server\src\Transformers\ArrayToString.php(50): UxBuilder\Transformers\ArrayToString->get_content(Array)
#11 C:\xampp\htdocs\giadung\wp-content\themes\flatsome\inc\builder\core\server\src\Ajax\PostSaver.php(36): UxBuilder\Transformers\ArrayToString->transform(Array)
#12 C:\xampp\htdocs\giadung\wp-includes\class-wp-hook.php(307): UxBuilder\Ajax\PostSaver->save('')
#13 C:\xampp\htdocs\giadung\wp-includes\class-wp-hook.php(331): WP_Hook->apply_filters('', Array)
#14 C:\xampp\htdocs\giadung\wp-includes\plugin.php(474): WP_Hook->do_action(Array)
#15 C:\xampp\htdocs\giadung\wp-admin\admin-ajax.php(187): do_action('wp_ajax_ux_buil...')
#16 {main}
  thrown in C:\xampp\htdocs\giadung\wp-content\themes\flatsome\inc\builder\core\server\src\Transformers\ArrayToString.php on line 57

2022-03-20T01:19:29+00:00 CRITICAL Uncaught Error: Unknown named parameter $item in C:\xampp\htdocs\giadung\wp-content\themes\flatsome\inc\builder\core\server\src\Transformers\ArrayToString.php:57
Stack trace:
#0 C:\xampp\htdocs\giadung\wp-content\themes\flatsome\inc\builder\core\server\src\Transformers\ArrayToString.php(57): call_user_func_array(Object(Closure), Array)
#1 C:\xampp\htdocs\giadung\wp-content\themes\flatsome\inc\builder\core\server\src\Transformers\ArrayToString.php(145): UxBuilder\Transformers\ArrayToString->transform(Array, Array)
#2 C:\xampp\htdocs\giadung\wp-content\themes\flatsome\inc\builder\core\server\src\Transformers\ArrayToString.php(50): UxBuilder\Transformers\ArrayToString->get_content(Array)
#3 C:\xampp\htdocs\giadung\wp-content\themes\flatsome\inc\builder\core\server\src\Transformers\ArrayToString.php(145): UxBuilder\Transformers\ArrayToString->transform(Array, Array)
#4 C:\xampp\htdocs\giadung\wp-content\themes\flatsome\inc\builder\core\server\src\Transformers\ArrayToString.php(50): UxBuilder\Transformers\ArrayToString->get_content(Array)
#5 C:\xampp\htdocs\giadung\wp-content\themes\flatsome\inc\builder\core\server\src\Transformers\ArrayToString.php(145): UxBuilder\Transformers\ArrayToString->transform(Array, Array)
#6 C:\xampp\htdocs\giadung\wp-content\themes\flatsome\inc\builder\core\server\src\Transformers\ArrayToString.php(50): UxBuilder\Transformers\ArrayToString->get_content(Array)
#7 C:\xampp\htdocs\giadung\wp-content\themes\flatsome\inc\builder\core\server\src\Transformers\ArrayToString.php(145): UxBuilder\Transformers\ArrayToString->transform(Array, Array)
#8 C:\xampp\htdocs\giadung\wp-content\themes\flatsome\inc\builder\core\server\src\Transformers\ArrayToString.php(50): UxBuilder\Transformers\ArrayToString->get_content(Array)
#9 C:\xampp\htdocs\giadung\wp-content\themes\flatsome\inc\builder\core\server\src\Transformers\ArrayToString.php(145): UxBuilder\Transformers\ArrayToString->transform(Array, Array)
#10 C:\xampp\htdocs\giadung\wp-content\themes\flatsome\inc\builder\core\server\src\Transformers\ArrayToString.php(50): UxBuilder\Transformers\ArrayToString->get_content(Array)
#11 C:\xampp\htdocs\giadung\wp-content\themes\flatsome\inc\builder\core\server\src\Ajax\PostSaver.php(36): UxBuilder\Transformers\ArrayToString->transform(Array)
#12 C:\xampp\htdocs\giadung\wp-includes\class-wp-hook.php(307): UxBuilder\Ajax\PostSaver->save('')
#13 C:\xampp\htdocs\giadung\wp-includes\class-wp-hook.php(331): WP_Hook->apply_filters('', Array)
#14 C:\xampp\htdocs\giadung\wp-includes\plugin.php(474): WP_Hook->do_action(Array)
#15 C:\xampp\htdocs\giadung\wp-admin\admin-ajax.php(187): do_action('wp_ajax_ux_buil...')
#16 {main}
  thrown in C:\xampp\htdocs\giadung\wp-content\themes\flatsome\inc\builder\core\server\src\Transformers\ArrayToString.php on line 57

2022-03-20T01:19:30+00:00 CRITICAL Uncaught Error: Unknown named parameter $item in C:\xampp\htdocs\giadung\wp-content\themes\flatsome\inc\builder\core\server\src\Transformers\ArrayToString.php:57
Stack trace:
#0 C:\xampp\htdocs\giadung\wp-content\themes\flatsome\inc\builder\core\server\src\Transformers\ArrayToString.php(57): call_user_func_array(Object(Closure), Array)
#1 C:\xampp\htdocs\giadung\wp-content\themes\flatsome\inc\builder\core\server\src\Transformers\ArrayToString.php(145): UxBuilder\Transformers\ArrayToString->transform(Array, Array)
#2 C:\xampp\htdocs\giadung\wp-content\themes\flatsome\inc\builder\core\server\src\Transformers\ArrayToString.php(50): UxBuilder\Transformers\ArrayToString->get_content(Array)
#3 C:\xampp\htdocs\giadung\wp-content\themes\flatsome\inc\builder\core\server\src\Transformers\ArrayToString.php(145): UxBuilder\Transformers\ArrayToString->transform(Array, Array)
#4 C:\xampp\htdocs\giadung\wp-content\themes\flatsome\inc\builder\core\server\src\Transformers\ArrayToString.php(50): UxBuilder\Transformers\ArrayToString->get_content(Array)
#5 C:\xampp\htdocs\giadung\wp-content\themes\flatsome\inc\builder\core\server\src\Transformers\ArrayToString.php(145): UxBuilder\Transformers\ArrayToString->transform(Array, Array)
#6 C:\xampp\htdocs\giadung\wp-content\themes\flatsome\inc\builder\core\server\src\Transformers\ArrayToString.php(50): UxBuilder\Transformers\ArrayToString->get_content(Array)
#7 C:\xampp\htdocs\giadung\wp-content\themes\flatsome\inc\builder\core\server\src\Transformers\ArrayToString.php(145): UxBuilder\Transformers\ArrayToString->transform(Array, Array)
#8 C:\xampp\htdocs\giadung\wp-content\themes\flatsome\inc\builder\core\server\src\Transformers\ArrayToString.php(50): UxBuilder\Transformers\ArrayToString->get_content(Array)
#9 C:\xampp\htdocs\giadung\wp-content\themes\flatsome\inc\builder\core\server\src\Transformers\ArrayToString.php(145): UxBuilder\Transformers\ArrayToString->transform(Array, Array)
#10 C:\xampp\htdocs\giadung\wp-content\themes\flatsome\inc\builder\core\server\src\Transformers\ArrayToString.php(50): UxBuilder\Transformers\ArrayToString->get_content(Array)
#11 C:\xampp\htdocs\giadung\wp-content\themes\flatsome\inc\builder\core\server\src\Ajax\PostSaver.php(36): UxBuilder\Transformers\ArrayToString->transform(Array)
#12 C:\xampp\htdocs\giadung\wp-includes\class-wp-hook.php(307): UxBuilder\Ajax\PostSaver->save('')
#13 C:\xampp\htdocs\giadung\wp-includes\class-wp-hook.php(331): WP_Hook->apply_filters('', Array)
#14 C:\xampp\htdocs\giadung\wp-includes\plugin.php(474): WP_Hook->do_action(Array)
#15 C:\xampp\htdocs\giadung\wp-admin\admin-ajax.php(187): do_action('wp_ajax_ux_buil...')
#16 {main}
  thrown in C:\xampp\htdocs\giadung\wp-content\themes\flatsome\inc\builder\core\server\src\Transformers\ArrayToString.php on line 57

2022-03-20T01:19:31+00:00 CRITICAL Uncaught Error: Unknown named parameter $item in C:\xampp\htdocs\giadung\wp-content\themes\flatsome\inc\builder\core\server\src\Transformers\ArrayToString.php:57
Stack trace:
#0 C:\xampp\htdocs\giadung\wp-content\themes\flatsome\inc\builder\core\server\src\Transformers\ArrayToString.php(57): call_user_func_array(Object(Closure), Array)
#1 C:\xampp\htdocs\giadung\wp-content\themes\flatsome\inc\builder\core\server\src\Transformers\ArrayToString.php(145): UxBuilder\Transformers\ArrayToString->transform(Array, Array)
#2 C:\xampp\htdocs\giadung\wp-content\themes\flatsome\inc\builder\core\server\src\Transformers\ArrayToString.php(50): UxBuilder\Transformers\ArrayToString->get_content(Array)
#3 C:\xampp\htdocs\giadung\wp-content\themes\flatsome\inc\builder\core\server\src\Transformers\ArrayToString.php(145): UxBuilder\Transformers\ArrayToString->transform(Array, Array)
#4 C:\xampp\htdocs\giadung\wp-content\themes\flatsome\inc\builder\core\server\src\Transformers\ArrayToString.php(50): UxBuilder\Transformers\ArrayToString->get_content(Array)
#5 C:\xampp\htdocs\giadung\wp-content\themes\flatsome\inc\builder\core\server\src\Transformers\ArrayToString.php(145): UxBuilder\Transformers\ArrayToString->transform(Array, Array)
#6 C:\xampp\htdocs\giadung\wp-content\themes\flatsome\inc\builder\core\server\src\Transformers\ArrayToString.php(50): UxBuilder\Transformers\ArrayToString->get_content(Array)
#7 C:\xampp\htdocs\giadung\wp-content\themes\flatsome\inc\builder\core\server\src\Transformers\ArrayToString.php(145): UxBuilder\Transformers\ArrayToString->transform(Array, Array)
#8 C:\xampp\htdocs\giadung\wp-content\themes\flatsome\inc\builder\core\server\src\Transformers\ArrayToString.php(50): UxBuilder\Transformers\ArrayToString->get_content(Array)
#9 C:\xampp\htdocs\giadung\wp-content\themes\flatsome\inc\builder\core\server\src\Transformers\ArrayToString.php(145): UxBuilder\Transformers\ArrayToString->transform(Array, Array)
#10 C:\xampp\htdocs\giadung\wp-content\themes\flatsome\inc\builder\core\server\src\Transformers\ArrayToString.php(50): UxBuilder\Transformers\ArrayToString->get_content(Array)
#11 C:\xampp\htdocs\giadung\wp-content\themes\flatsome\inc\builder\core\server\src\Ajax\PostSaver.php(36): UxBuilder\Transformers\ArrayToString->transform(Array)
#12 C:\xampp\htdocs\giadung\wp-includes\class-wp-hook.php(307): UxBuilder\Ajax\PostSaver->save('')
#13 C:\xampp\htdocs\giadung\wp-includes\class-wp-hook.php(331): WP_Hook->apply_filters('', Array)
#14 C:\xampp\htdocs\giadung\wp-includes\plugin.php(474): WP_Hook->do_action(Array)
#15 C:\xampp\htdocs\giadung\wp-admin\admin-ajax.php(187): do_action('wp_ajax_ux_buil...')
#16 {main}
  thrown in C:\xampp\htdocs\giadung\wp-content\themes\flatsome\inc\builder\core\server\src\Transformers\ArrayToString.php on line 57

2022-03-20T01:19:32+00:00 CRITICAL Uncaught Error: Unknown named parameter $item in C:\xampp\htdocs\giadung\wp-content\themes\flatsome\inc\builder\core\server\src\Transformers\ArrayToString.php:57
Stack trace:
#0 C:\xampp\htdocs\giadung\wp-content\themes\flatsome\inc\builder\core\server\src\Transformers\ArrayToString.php(57): call_user_func_array(Object(Closure), Array)
#1 C:\xampp\htdocs\giadung\wp-content\themes\flatsome\inc\builder\core\server\src\Transformers\ArrayToString.php(145): UxBuilder\Transformers\ArrayToString->transform(Array, Array)
#2 C:\xampp\htdocs\giadung\wp-content\themes\flatsome\inc\builder\core\server\src\Transformers\ArrayToString.php(50): UxBuilder\Transformers\ArrayToString->get_content(Array)
#3 C:\xampp\htdocs\giadung\wp-content\themes\flatsome\inc\builder\core\server\src\Transformers\ArrayToString.php(145): UxBuilder\Transformers\ArrayToString->transform(Array, Array)
#4 C:\xampp\htdocs\giadung\wp-content\themes\flatsome\inc\builder\core\server\src\Transformers\ArrayToString.php(50): UxBuilder\Transformers\ArrayToString->get_content(Array)
#5 C:\xampp\htdocs\giadung\wp-content\themes\flatsome\inc\builder\core\server\src\Transformers\ArrayToString.php(145): UxBuilder\Transformers\ArrayToString->transform(Array, Array)
#6 C:\xampp\htdocs\giadung\wp-content\themes\flatsome\inc\builder\core\server\src\Transformers\ArrayToString.php(50): UxBuilder\Transformers\ArrayToString->get_content(Array)
#7 C:\xampp\htdocs\giadung\wp-content\themes\flatsome\inc\builder\core\server\src\Transformers\ArrayToString.php(145): UxBuilder\Transformers\ArrayToString->transform(Array, Array)
#8 C:\xampp\htdocs\giadung\wp-content\themes\flatsome\inc\builder\core\server\src\Transformers\ArrayToString.php(50): UxBuilder\Transformers\ArrayToString->get_content(Array)
#9 C:\xampp\htdocs\giadung\wp-content\themes\flatsome\inc\builder\core\server\src\Transformers\ArrayToString.php(145): UxBuilder\Transformers\ArrayToString->transform(Array, Array)
#10 C:\xampp\htdocs\giadung\wp-content\themes\flatsome\inc\builder\core\server\src\Transformers\ArrayToString.php(50): UxBuilder\Transformers\ArrayToString->get_content(Array)
#11 C:\xampp\htdocs\giadung\wp-content\themes\flatsome\inc\builder\core\server\src\Ajax\PostSaver.php(36): UxBuilder\Transformers\ArrayToString->transform(Array)
#12 C:\xampp\htdocs\giadung\wp-includes\class-wp-hook.php(307): UxBuilder\Ajax\PostSaver->save('')
#13 C:\xampp\htdocs\giadung\wp-includes\class-wp-hook.php(331): WP_Hook->apply_filters('', Array)
#14 C:\xampp\htdocs\giadung\wp-includes\plugin.php(474): WP_Hook->do_action(Array)
#15 C:\xampp\htdocs\giadung\wp-admin\admin-ajax.php(187): do_action('wp_ajax_ux_buil...')
#16 {main}
  thrown in C:\xampp\htdocs\giadung\wp-content\themes\flatsome\inc\builder\core\server\src\Transformers\ArrayToString.php on line 57

2022-03-20T01:19:33+00:00 CRITICAL Uncaught Error: Unknown named parameter $item in C:\xampp\htdocs\giadung\wp-content\themes\flatsome\inc\builder\core\server\src\Transformers\ArrayToString.php:57
Stack trace:
#0 C:\xampp\htdocs\giadung\wp-content\themes\flatsome\inc\builder\core\server\src\Transformers\ArrayToString.php(57): call_user_func_array(Object(Closure), Array)
#1 C:\xampp\htdocs\giadung\wp-content\themes\flatsome\inc\builder\core\server\src\Transformers\ArrayToString.php(145): UxBuilder\Transformers\ArrayToString->transform(Array, Array)
#2 C:\xampp\htdocs\giadung\wp-content\themes\flatsome\inc\builder\core\server\src\Transformers\ArrayToString.php(50): UxBuilder\Transformers\ArrayToString->get_content(Array)
#3 C:\xampp\htdocs\giadung\wp-content\themes\flatsome\inc\builder\core\server\src\Transformers\ArrayToString.php(145): UxBuilder\Transformers\ArrayToString->transform(Array, Array)
#4 C:\xampp\htdocs\giadung\wp-content\themes\flatsome\inc\builder\core\server\src\Transformers\ArrayToString.php(50): UxBuilder\Transformers\ArrayToString->get_content(Array)
#5 C:\xampp\htdocs\giadung\wp-content\themes\flatsome\inc\builder\core\server\src\Transformers\ArrayToString.php(145): UxBuilder\Transformers\ArrayToString->transform(Array, Array)
#6 C:\xampp\htdocs\giadung\wp-content\themes\flatsome\inc\builder\core\server\src\Transformers\ArrayToString.php(50): UxBuilder\Transformers\ArrayToString->get_content(Array)
#7 C:\xampp\htdocs\giadung\wp-content\themes\flatsome\inc\builder\core\server\src\Transformers\ArrayToString.php(145): UxBuilder\Transformers\ArrayToString->transform(Array, Array)
#8 C:\xampp\htdocs\giadung\wp-content\themes\flatsome\inc\builder\core\server\src\Transformers\ArrayToString.php(50): UxBuilder\Transformers\ArrayToString->get_content(Array)
#9 C:\xampp\htdocs\giadung\wp-content\themes\flatsome\inc\builder\core\server\src\Transformers\ArrayToString.php(145): UxBuilder\Transformers\ArrayToString->transform(Array, Array)
#10 C:\xampp\htdocs\giadung\wp-content\themes\flatsome\inc\builder\core\server\src\Transformers\ArrayToString.php(50): UxBuilder\Transformers\ArrayToString->get_content(Array)
#11 C:\xampp\htdocs\giadung\wp-content\themes\flatsome\inc\builder\core\server\src\Ajax\PostSaver.php(36): UxBuilder\Transformers\ArrayToString->transform(Array)
#12 C:\xampp\htdocs\giadung\wp-includes\class-wp-hook.php(307): UxBuilder\Ajax\PostSaver->save('')
#13 C:\xampp\htdocs\giadung\wp-includes\class-wp-hook.php(331): WP_Hook->apply_filters('', Array)
#14 C:\xampp\htdocs\giadung\wp-includes\plugin.php(474): WP_Hook->do_action(Array)
#15 C:\xampp\htdocs\giadung\wp-admin\admin-ajax.php(187): do_action('wp_ajax_ux_buil...')
#16 {main}
  thrown in C:\xampp\htdocs\giadung\wp-content\themes\flatsome\inc\builder\core\server\src\Transformers\ArrayToString.php on line 57

2022-03-20T02:15:24+00:00 CRITICAL Uncaught Error: Call to undefined function site_ủl() in C:\xampp\htdocs\giadung\wp-content\themes\flatsome\template-parts\footer\footer-absolute.php:52
Stack trace:
#0 C:\xampp\htdocs\giadung\wp-includes\template.php(772): require()
#1 C:\xampp\htdocs\giadung\wp-includes\template.php(716): load_template('C:\\xampp\\htdocs...', false, Array)
#2 C:\xampp\htdocs\giadung\wp-includes\general-template.php(204): locate_template(Array, true, false, Array)
#3 C:\xampp\htdocs\giadung\wp-content\themes\flatsome\template-parts\footer\footer.php(23): get_template_part('template-parts/...')
#4 C:\xampp\htdocs\giadung\wp-includes\template.php(772): require('C:\\xampp\\htdocs...')
#5 C:\xampp\htdocs\giadung\wp-includes\template.php(716): load_template('C:\\xampp\\htdocs...', false, Array)
#6 C:\xampp\htdocs\giadung\wp-includes\general-template.php(204): locate_template(Array, true, false, Array)
#7 C:\xampp\htdocs\giadung\wp-content\themes\flatsome\inc\structure\structure-footer.php(63): get_template_part('template-parts/...')
#8 C:\xampp\htdocs\giadung\wp-includes\class-wp-hook.php(307): flatsome_page_footer('')
#9 C:\xampp\htdocs\giadung\wp-includes\class-wp-hook.php(331): WP_Hook->apply_filters('', Array)
#10 C:\xampp\htdocs\giadung\wp-includes\plugin.php(474): WP_Hook->do_action(Array)
#11 C:\xampp\htdocs\giadung\wp-content\themes\flatsome\footer.php(15): do_action('flatsome_footer')
#12 C:\xampp\htdocs\giadung\wp-includes\template.php(770): require_once('C:\\xampp\\htdocs...')
#13 C:\xampp\htdocs\giadung\wp-includes\template.php(716): load_template('C:\\xampp\\htdocs...', true, Array)
#14 C:\xampp\htdocs\giadung\wp-includes\general-template.php(92): locate_template(Array, true, true, Array)
#15 C:\xampp\htdocs\giadung\wp-content\themes\flatsome\page-blank.php(21): get_footer()
#16 C:\xampp\htdocs\giadung\wp-includes\template-loader.php(106): include('C:\\xampp\\htdocs...')
#17 C:\xampp\htdocs\giadung\wp-blog-header.php(19): require_once('C:\\xampp\\htdocs...')
#18 C:\xampp\htdocs\giadung\index.php(17): require('C:\\xampp\\htdocs...')
#19 {main}
  thrown in C:\xampp\htdocs\giadung\wp-content\themes\flatsome\template-parts\footer\footer-absolute.php on line 52

2022-03-20T08:55:50+00:00 CRITICAL Uncaught Error: Failed opening required 'simple_html_dom.php' (include_path='C:\xampp\php\PEAR') in C:\xampp\htdocs\giadung\wp-content\themes\flatsome-child\functions.php:3
Stack trace:
#0 C:\xampp\htdocs\giadung\wp-settings.php(555): include()
#1 C:\xampp\htdocs\giadung\wp-config.php(96): require_once('C:\\xampp\\htdocs...')
#2 C:\xampp\htdocs\giadung\wp-load.php(50): require_once('C:\\xampp\\htdocs...')
#3 C:\xampp\htdocs\giadung\wp-blog-header.php(13): require_once('C:\\xampp\\htdocs...')
#4 C:\xampp\htdocs\giadung\index.php(17): require('C:\\xampp\\htdocs...')
#5 {main}
  thrown in C:\xampp\htdocs\giadung\wp-content\themes\flatsome-child\functions.php on line 3

2022-03-20T08:56:35+00:00 CRITICAL Uncaught Error: Failed opening required './simple_html_dom.php' (include_path='C:\xampp\php\PEAR') in C:\xampp\htdocs\giadung\wp-content\themes\flatsome-child\functions.php:3
Stack trace:
#0 C:\xampp\htdocs\giadung\wp-settings.php(555): include()
#1 C:\xampp\htdocs\giadung\wp-config.php(96): require_once('C:\\xampp\\htdocs...')
#2 C:\xampp\htdocs\giadung\wp-load.php(50): require_once('C:\\xampp\\htdocs...')
#3 C:\xampp\htdocs\giadung\wp-blog-header.php(13): require_once('C:\\xampp\\htdocs...')
#4 C:\xampp\htdocs\giadung\index.php(17): require('C:\\xampp\\htdocs...')
#5 {main}
  thrown in C:\xampp\htdocs\giadung\wp-content\themes\flatsome-child\functions.php on line 3

2022-03-20T08:58:06+00:00 CRITICAL Uncaught Error: Failed opening required '/simple_html_dom.php' (include_path='C:\xampp\php\PEAR') in C:\xampp\htdocs\giadung\wp-content\themes\flatsome-child\functions.php:3
Stack trace:
#0 C:\xampp\htdocs\giadung\wp-settings.php(555): include()
#1 C:\xampp\htdocs\giadung\wp-config.php(96): require_once('C:\\xampp\\htdocs...')
#2 C:\xampp\htdocs\giadung\wp-load.php(50): require_once('C:\\xampp\\htdocs...')
#3 C:\xampp\htdocs\giadung\wp-blog-header.php(13): require_once('C:\\xampp\\htdocs...')
#4 C:\xampp\htdocs\giadung\index.php(17): require('C:\\xampp\\htdocs...')
#5 {main}
  thrown in C:\xampp\htdocs\giadung\wp-content\themes\flatsome-child\functions.php on line 3

2022-03-20T08:58:32+00:00 CRITICAL Uncaught Error: Failed opening required 'simple_html_dom.php' (include_path='C:\xampp\php\PEAR') in C:\xampp\htdocs\giadung\wp-content\themes\flatsome-child\functions.php:5
Stack trace:
#0 C:\xampp\htdocs\giadung\wp-settings.php(555): include()
#1 C:\xampp\htdocs\giadung\wp-config.php(96): require_once('C:\\xampp\\htdocs...')
#2 C:\xampp\htdocs\giadung\wp-load.php(50): require_once('C:\\xampp\\htdocs...')
#3 C:\xampp\htdocs\giadung\wp-blog-header.php(13): require_once('C:\\xampp\\htdocs...')
#4 C:\xampp\htdocs\giadung\index.php(17): require('C:\\xampp\\htdocs...')
#5 {main}
  thrown in C:\xampp\htdocs\giadung\wp-content\themes\flatsome-child\functions.php on line 5

2022-03-20T09:00:13+00:00 CRITICAL Uncaught Error: Failed opening required './simple_html_dom.php' (include_path='C:\xampp\php\PEAR') in C:\xampp\htdocs\giadung\wp-content\themes\flatsome-child\functions.php:5
Stack trace:
#0 C:\xampp\htdocs\giadung\wp-settings.php(555): include()
#1 C:\xampp\htdocs\giadung\wp-config.php(96): require_once('C:\\xampp\\htdocs...')
#2 C:\xampp\htdocs\giadung\wp-load.php(50): require_once('C:\\xampp\\htdocs...')
#3 C:\xampp\htdocs\giadung\wp-blog-header.php(13): require_once('C:\\xampp\\htdocs...')
#4 C:\xampp\htdocs\giadung\index.php(17): require('C:\\xampp\\htdocs...')
#5 {main}
  thrown in C:\xampp\htdocs\giadung\wp-content\themes\flatsome-child\functions.php on line 5

2022-03-20T09:02:03+00:00 CRITICAL Uncaught Error: Failed opening required './simple_html_dom.php' (include_path='C:\xampp\php\PEAR') in C:\xampp\htdocs\giadung\wp-content\themes\flatsome-child\functions.php:5
Stack trace:
#0 C:\xampp\htdocs\giadung\wp-settings.php(555): include()
#1 C:\xampp\htdocs\giadung\wp-config.php(96): require_once('C:\\xampp\\htdocs...')
#2 C:\xampp\htdocs\giadung\wp-load.php(50): require_once('C:\\xampp\\htdocs...')
#3 C:\xampp\htdocs\giadung\wp-blog-header.php(13): require_once('C:\\xampp\\htdocs...')
#4 C:\xampp\htdocs\giadung\index.php(17): require('C:\\xampp\\htdocs...')
#5 {main}
  thrown in C:\xampp\htdocs\giadung\wp-content\themes\flatsome-child\functions.php on line 5

2022-03-20T09:02:06+00:00 CRITICAL Uncaught Error: Failed opening required './simple_html_dom.php' (include_path='C:\xampp\php\PEAR') in C:\xampp\htdocs\giadung\wp-content\themes\flatsome-child\functions.php:5
Stack trace:
#0 C:\xampp\htdocs\giadung\wp-settings.php(555): include()
#1 C:\xampp\htdocs\giadung\wp-config.php(96): require_once('C:\\xampp\\htdocs...')
#2 C:\xampp\htdocs\giadung\wp-load.php(50): require_once('C:\\xampp\\htdocs...')
#3 C:\xampp\htdocs\giadung\wp-blog-header.php(13): require_once('C:\\xampp\\htdocs...')
#4 C:\xampp\htdocs\giadung\index.php(17): require('C:\\xampp\\htdocs...')
#5 {main}
  thrown in C:\xampp\htdocs\giadung\wp-content\themes\flatsome-child\functions.php on line 5

2022-03-20T09:02:07+00:00 CRITICAL Uncaught Error: Failed opening required './simple_html_dom.php' (include_path='C:\xampp\php\PEAR') in C:\xampp\htdocs\giadung\wp-content\themes\flatsome-child\functions.php:5
Stack trace:
#0 C:\xampp\htdocs\giadung\wp-settings.php(555): include()
#1 C:\xampp\htdocs\giadung\wp-config.php(96): require_once('C:\\xampp\\htdocs...')
#2 C:\xampp\htdocs\giadung\wp-load.php(50): require_once('C:\\xampp\\htdocs...')
#3 C:\xampp\htdocs\giadung\wp-blog-header.php(13): require_once('C:\\xampp\\htdocs...')
#4 C:\xampp\htdocs\giadung\index.php(17): require('C:\\xampp\\htdocs...')
#5 {main}
  thrown in C:\xampp\htdocs\giadung\wp-content\themes\flatsome-child\functions.php on line 5

2022-03-20T09:02:07+00:00 CRITICAL Uncaught Error: Failed opening required './simple_html_dom.php' (include_path='C:\xampp\php\PEAR') in C:\xampp\htdocs\giadung\wp-content\themes\flatsome-child\functions.php:5
Stack trace:
#0 C:\xampp\htdocs\giadung\wp-settings.php(555): include()
#1 C:\xampp\htdocs\giadung\wp-config.php(96): require_once('C:\\xampp\\htdocs...')
#2 C:\xampp\htdocs\giadung\wp-load.php(50): require_once('C:\\xampp\\htdocs...')
#3 C:\xampp\htdocs\giadung\wp-blog-header.php(13): require_once('C:\\xampp\\htdocs...')
#4 C:\xampp\htdocs\giadung\index.php(17): require('C:\\xampp\\htdocs...')
#5 {main}
  thrown in C:\xampp\htdocs\giadung\wp-content\themes\flatsome-child\functions.php on line 5

2022-03-20T09:02:08+00:00 CRITICAL Uncaught Error: Failed opening required './simple_html_dom.php' (include_path='C:\xampp\php\PEAR') in C:\xampp\htdocs\giadung\wp-content\themes\flatsome-child\functions.php:5
Stack trace:
#0 C:\xampp\htdocs\giadung\wp-settings.php(555): include()
#1 C:\xampp\htdocs\giadung\wp-config.php(96): require_once('C:\\xampp\\htdocs...')
#2 C:\xampp\htdocs\giadung\wp-load.php(50): require_once('C:\\xampp\\htdocs...')
#3 C:\xampp\htdocs\giadung\wp-blog-header.php(13): require_once('C:\\xampp\\htdocs...')
#4 C:\xampp\htdocs\giadung\index.php(17): require('C:\\xampp\\htdocs...')
#5 {main}
  thrown in C:\xampp\htdocs\giadung\wp-content\themes\flatsome-child\functions.php on line 5

2022-03-20T09:02:35+00:00 CRITICAL Uncaught Error: Failed opening required 'simple_html_dom.php' (include_path='C:\xampp\php\PEAR') in C:\xampp\htdocs\giadung\wp-content\themes\flatsome-child\functions.php:5
Stack trace:
#0 C:\xampp\htdocs\giadung\wp-settings.php(555): include()
#1 C:\xampp\htdocs\giadung\wp-config.php(96): require_once('C:\\xampp\\htdocs...')
#2 C:\xampp\htdocs\giadung\wp-load.php(50): require_once('C:\\xampp\\htdocs...')
#3 C:\xampp\htdocs\giadung\wp-blog-header.php(13): require_once('C:\\xampp\\htdocs...')
#4 C:\xampp\htdocs\giadung\index.php(17): require('C:\\xampp\\htdocs...')
#5 {main}
  thrown in C:\xampp\htdocs\giadung\wp-content\themes\flatsome-child\functions.php on line 5

2022-03-20T09:07:55+00:00 CRITICAL Uncaught Error: Failed opening required 'simple_html_dom.php' (include_path='C:\xampp\php\PEAR') in C:\xampp\htdocs\giadung\wp-content\themes\flatsome-child\functions.php:5
Stack trace:
#0 C:\xampp\htdocs\giadung\wp-settings.php(555): include()
#1 C:\xampp\htdocs\giadung\wp-config.php(96): require_once('C:\\xampp\\htdocs...')
#2 C:\xampp\htdocs\giadung\wp-load.php(50): require_once('C:\\xampp\\htdocs...')
#3 C:\xampp\htdocs\giadung\wp-blog-header.php(13): require_once('C:\\xampp\\htdocs...')
#4 C:\xampp\htdocs\giadung\index.php(17): require('C:\\xampp\\htdocs...')
#5 {main}
  thrown in C:\xampp\htdocs\giadung\wp-content\themes\flatsome-child\functions.php on line 5

2022-03-20T09:07:58+00:00 CRITICAL Uncaught Error: Failed opening required 'simple_html_dom.php' (include_path='C:\xampp\php\PEAR') in C:\xampp\htdocs\giadung\wp-content\themes\flatsome-child\functions.php:5
Stack trace:
#0 C:\xampp\htdocs\giadung\wp-settings.php(555): include()
#1 C:\xampp\htdocs\giadung\wp-config.php(96): require_once('C:\\xampp\\htdocs...')
#2 C:\xampp\htdocs\giadung\wp-load.php(50): require_once('C:\\xampp\\htdocs...')
#3 C:\xampp\htdocs\giadung\wp-blog-header.php(13): require_once('C:\\xampp\\htdocs...')
#4 C:\xampp\htdocs\giadung\index.php(17): require('C:\\xampp\\htdocs...')
#5 {main}
  thrown in C:\xampp\htdocs\giadung\wp-content\themes\flatsome-child\functions.php on line 5

2022-03-20T09:09:48+00:00 CRITICAL syntax error, unexpected end of file, expecting "elseif" or "else" or "endif" in C:\xampp\htdocs\giadung\wp-content\themes\flatsome-child\template\kho.php on line 19

